C51 COMPILER V9.54   MAIN                                                                  05/28/2024 19:14:56 PAGE 1   


C51 COMPILER V9.54, COMPILATION OF MODULE MAIN
OBJECT MODULE PLACED IN .\Obj\main.obj
COMPILER INVOKED BY: E:\KeilC51\C51\BIN\C51.EXE User\main.c OPTIMIZE(8,SPEED) BROWSE INCDIR(.\App\24c02;.\App\iic;.\App\
                    -key;.\App\smg;.\Public;.\App\ds18b20) DEBUG OBJECTEXTEND PRINT(.\Obj\main.lst) OBJECT(.\Obj\main.obj)

line level    source

   1          /**************************************************************************************
   2          深圳市普中科技有限公司（PRECHIN 普中）
   3          技术支持：www.prechin.net
   4          PRECHIN
   5           普中
   6          
   7          实验名称：DS18B20温度传感器实验
   8          接线说明：      
   9          实验现象：下载程序后，插上DS18B20温度传感器，数码管显示检测的温度值
  10          注意事项：注意温度传感器的方向，在接口处我们已经用丝印画了一个凸起，
  11                            所以只需要将温度传感器对应插入即可                                                                                                                                                              
  12          ***************************************************************************************/
  13          #include "public.h"
  14          #include "smg.h"
  15          #include "ds18b20.h"
  16          
  17          sbit LCD1602_RS=P2^6;//数据命令选择
  18          sbit LCD1602_RW=P2^5;//读写选择
  19          sbit LCD1602_E=P2^7; //使能信号
  20          #define LCD1602_DATAPORT P0     //宏定义LCD1602数据端口
  21          
  22          void lcd1602_write_cmd(u8 cmd)
  23          {
  24   1              // 可以查询 lcd1602 时序图的 写时序来进行编码
  25   1              LCD1602_RS=0;//选择命令
  26   1              LCD1602_RW=0;//选择写
  27   1              LCD1602_E=0;
  28   1              LCD1602_DATAPORT=cmd;//准备命令
  29   1              delay_10us(100);
  30   1              LCD1602_E=1;//使能脚E先上升沿写入
  31   1              delay_10us(100);
  32   1              LCD1602_E=0;//使能脚E后负跳变完成写入   
  33   1      }
  34          
  35          /*******************************************************************************
  36          * 函 数 名       : lcd1602_write_data
  37          * 函数功能               : LCD1602写数据
  38          * 输    入       : dat：数据
  39          * 输    出       : 无
  40          *******************************************************************************/
  41          
  42          void lcd1602_write_data(u8 dat) 
  43          {
  44   1              LCD1602_RS=1;//选择数据
  45   1              LCD1602_RW=0;//选择写
  46   1              LCD1602_E=0;
  47   1              LCD1602_DATAPORT=dat;//准备数据
  48   1              delay_10us(100);
  49   1              LCD1602_E=1;//使能脚E先上升沿写入
  50   1              delay_10us(100);
  51   1              LCD1602_E=0;//使能脚E后负跳变完成写入           
  52   1      }
  53          
  54          /*******************************************************************************
C51 COMPILER V9.54   MAIN                                                                  05/28/2024 19:14:56 PAGE 2   

  55          * 函 数 名       : lcd1602_init
  56          * 函数功能               : LCD1602初始化
  57          * 输    入       : 无
  58          * 输    出       : 无
  59          *******************************************************************************/
  60          
  61          void lcd1602_init()
  62          {
  63   1              lcd1602_write_cmd(0x38);//数据总线8位，显示2行，5*7点阵/字符
  64   1              lcd1602_write_cmd(0x0c);//显示功能开，无光标，光标闪烁
  65   1              lcd1602_write_cmd(0x06);//写入新数据后光标右移，显示屏不移动
  66   1              lcd1602_write_cmd(0x01);//清屏  
  67   1      }
  68          
  69          
  70          /*******************************************************************************
  71          * 函 数 名       : main
  72          * 函数功能               : 主函数
  73          * 输    入       : 无
  74          * 输    出       : 无
  75          *******************************************************************************/
  76          void main()
  77          {       
  78   1              u8 i=0;
  79   1              int temp_value;
  80   1              u8 temp_buf[5];
  81   1      
  82   1              ds18b20_init();//初始化DS18B20
  83   1              lcd1602_init();
  84   1              
  85   1              
  86   1              // 都使用 P0 端口, 别用数码管了
  87   1              
  88   1              while(1)
  89   1              {                               
  90   2                      i++;
  91   2                      if(i%50==0)//间隔一段时间读取温度值，间隔时间要大于温度传感器转换温度时间
  92   2                              temp_value=ds18b20_read_temperture()*10;//保留温度值小数后一位
  93   2                      if(temp_value<0)//负温度
  94   2                      {
  95   3                              temp_value=-temp_value;
  96   3                              temp_buf[0]=0x40;//显示负号     
  97   3                      }
  98   2                      temp_buf[0]=0x00;//不显示
  99   2                      temp_buf[1]=gsmg_code[temp_value/1000];//百位
 100   2                      temp_buf[2]=gsmg_code[temp_value%1000/100];//十位       
 101   2                      temp_buf[3]=gsmg_code[temp_value%1000%100/10]|0x80;//个位+小数点
 102   2                      temp_buf[4]=gsmg_code[temp_value%1000%100%10];//小数点后一位
 103   2                      // smg_display(temp_buf,4);
 104   2                      
 105   2                      
 106   2                      lcd1602_write_cmd(0x80);
 107   2                      lcd1602_write_data('0' + temp_value/1000);
 108   2                      lcd1602_write_data('0' + temp_value%1000/100);
 109   2                      lcd1602_write_data('0' + temp_value%1000%100/10);
 110   2                      lcd1602_write_data('.');
 111   2                      lcd1602_write_data('0' + temp_value%1000%100%10);
 112   2              }               
 113   1      }


MODULE INFORMATION:   STATIC OVERLAYABLE
C51 COMPILER V9.54   MAIN                                                                  05/28/2024 19:14:56 PAGE 3   

   CODE SIZE        =    373    ----
   CONSTANT SIZE    =   ----    ----
   XDATA SIZE       =   ----    ----
   PDATA SIZE       =   ----    ----
   DATA SIZE        =   ----       8
   IDATA SIZE       =   ----    ----
   BIT SIZE         =   ----    ----
END OF MODULE INFORMATION.


C51 COMPILATION COMPLETE.  0 WARNING(S),  0 ERROR(S)
