C51 COMPILER V9.54   MAIN                                                                  05/05/2024 15:33:00 PAGE 1   


C51 COMPILER V9.54, COMPILATION OF MODULE MAIN
OBJECT MODULE PLACED IN .\Objects\main.obj
COMPILER INVOKED BY: E:\KeilC51\C51\BIN\C51.EXE main.c OPTIMIZE(8,SPEED) BROWSE DEBUG OBJECTEXTEND PRINT(.\Listings\main
                    -.lst) TABS(2) OBJECT(.\Objects\main.obj)

line level    source

   1          #include "reg52.h"
   2          
   3          void light_x_th_led(int x){
   4   1        P2 = 0xff;
   5   1        P2 &= ~(1 << x);
   6   1      }
   7          
   8          void waterfall_light(){
   9   1        int i, t;
  10   1        for(i = 0; i < 8; i ++){
  11   2          light_x_th_led(i);
  12   2          t = 500 * 100; // ÑÓÊ± 500 ms
  13   2          while(t --);
  14   2        }
  15   1      }
  16          
  17          void main(){
  18   1        while(1){
  19   2          waterfall_light();
  20   2        }
  21   1      }


MODULE INFORMATION:   STATIC OVERLAYABLE
   CODE SIZE        =     59    ----
   CONSTANT SIZE    =   ----    ----
   XDATA SIZE       =   ----    ----
   PDATA SIZE       =   ----    ----
   DATA SIZE        =   ----    ----
   IDATA SIZE       =   ----    ----
   BIT SIZE         =   ----    ----
END OF MODULE INFORMATION.


C51 COMPILATION COMPLETE.  0 WARNING(S),  0 ERROR(S)
