C51 COMPILER V9.54   MAIN                                                                  05/05/2024 21:42:07 PAGE 1   


C51 COMPILER V9.54, COMPILATION OF MODULE MAIN
OBJECT MODULE PLACED IN .\Objects\main.obj
COMPILER INVOKED BY: E:\KeilC51\C51\BIN\C51.EXE main.c OPTIMIZE(8,SPEED) BROWSE DEBUG OBJECTEXTEND PRINT(.\Listings\main
                    -.lst) OBJECT(.\Objects\main.obj)

line level    source

   1          #include "reg52.h"
   2          
   3          /*
   4          编码原理
   5          https://blog.csdn.net/m0_74068921/article/details/131619565
   6          */
   7          
   8          typedef unsigned char u8;
   9          typedef unsigned int u16;
  10          
  11          u8 code Array[16] = {
  12              // 0 ~ f
  13              0x3F, // 0
  14              0x06, // 1
  15              0x5B, // 2
  16              0x4F, // 3
  17              0x66, // 4
  18              0x6D, // 5
  19              0x7D, // 6
  20              0x07, // 7
  21              0x7F, // 8
  22              0x6F, // 9
  23              0x77, // A
  24              0x7C, // B
  25              0x39, // C
  26              0x5E, // D
  27              0x79, // E
  28              0x71  // F
  29          };
  30          
  31          u16 code ctrl_74hc138[8][3] = {
  32                  {0, 0, 0}, {1, 0, 0}, 
  33                  {0, 1, 0}, {1, 1, 0},
  34                  {0, 0, 1}, {1, 0, 1}, 
  35                  {0, 1, 1}, {1, 1, 1}
  36          };
  37          
  38          void delay(u16 x){
  39   1              while(x --);
  40   1      }
  41          
  42          /* 
  43          74hc138 译码器, 简称 38 译码器
  44          下面是对应三个引脚的位 
  45          */
  46          sbit pin0 = P2 ^ 2;
  47          sbit pin1 = P2 ^ 3;
  48          sbit pin2 = P2 ^ 4;
  49          
  50          void main(){
  51   1              u16 i;
  52   1              while(1){
  53   2                      // 位选 数码管 : 控制第 i 个数码管
  54   2                      for(i = 0; i < 8; i ++){ 
C51 COMPILER V9.54   MAIN                                                                  05/05/2024 21:42:07 PAGE 2   

  55   3                              pin0 = ctrl_74hc138[i][0];
  56   3                              pin1 = ctrl_74hc138[i][1];
  57   3                              pin2 = ctrl_74hc138[i][2];
  58   3                              P0 = Array[i];
  59   3                              delay(100);
  60   3                              P0 = 0x00;
  61   3                      }
  62   2              }
  63   1      }


MODULE INFORMATION:   STATIC OVERLAYABLE
   CODE SIZE        =    151    ----
   CONSTANT SIZE    =     64    ----
   XDATA SIZE       =   ----    ----
   PDATA SIZE       =   ----    ----
   DATA SIZE        =   ----    ----
   IDATA SIZE       =   ----    ----
   BIT SIZE         =   ----    ----
END OF MODULE INFORMATION.


C51 COMPILATION COMPLETE.  0 WARNING(S),  0 ERROR(S)
