C51 COMPILER V9.54   MAIN                                                                  05/05/2024 17:59:04 PAGE 1   


C51 COMPILER V9.54, COMPILATION OF MODULE MAIN
OBJECT MODULE PLACED IN .\Objects\main.obj
COMPILER INVOKED BY: E:\KeilC51\C51\BIN\C51.EXE main.c OPTIMIZE(8,SPEED) BROWSE DEBUG OBJECTEXTEND PRINT(.\Listings\main
                    -.lst) OBJECT(.\Objects\main.obj)

line level    source

   1          #include "reg52.h"
   2          
   3          typedef unsigned char u8;
   4          typedef unsigned int u16;
   5          
   6          // 数码管段选代码
   7          u8 code Array[] = { 
   8              // 0 - f
   9              0x3F, // 0
  10              0x06, // 1
  11              0x5B, // 2
  12              0x4F, // 3
  13              0x66, // 4
  14              0x6D, // 5
  15              0x7D, // 6
  16              0x07, // 7
  17              0x7F, // 8
  18              0x6F, // 9
  19              0x77, // A
  20              0x7C, // B
  21              0x39, // C
  22              0x5E, // D
  23              0x79, // E
  24              0x71  // F
  25          };
  26          
  27          /*
  28                  矩阵键盘 P1 输入
  29                  <行 : P17 - P14>
  30                  <列 : P13 - P10>
  31                  1 行 -> P17             1 列 -> P13
  32                  2 行 -> P16             2 列 -> P12
  33                  3 行 -> P15             3 列 -> P11
  34                  4 行 -> P14             4 列 -> P10
  35          */
  36          
  37          void delay_10us(u16 x){
  38   1              while(x --);
  39   1      }
  40          
  41          
  42          void main(){
  43   1              while(1){
  44   2                      // 0xf7 : 1111 0111, 第一列接通低电平
  45   2                      P1 = 0xf7;
  46   2                      if(P1 != 0xf7){ // 检测按键是否按下
  47   3                              delay_10us(1000); // 延时消抖
  48   3                              while(P1 == 0x77){ // 检测按键 1 : 0111 0111  
  49   4                      // 显示 LED 数字 1
  50   4                      P0 = Array[0];
  51   4                  }
  52   3                  while(P1 == 0xb7){ // 检测按键 2 : 1011 0111
  53   4                      // 显示 LED 数字 2
  54   4                      P0 = Array[1];
C51 COMPILER V9.54   MAIN                                                                  05/05/2024 17:59:04 PAGE 2   

  55   4                  }
  56   3                  while(P1 == 0xd7){ // 检测按键 3 : 1101 0111
  57   4                      // 显示 LED 数字 3
  58   4                      P0 = Array[2];
  59   4                  }
  60   3                  while(P1 == 0xe7){ // 检测按键 4 : 1110 0111
  61   4                      // 显示 LED 数字 4
  62   4                      P0 = Array[3];
  63   4                  }
  64   3                      }
  65   2                      
  66   2                      /*********** 按照检测第一列的方式控制剩余列 ************/
  67   2                      
  68   2                      // 0xfb : 1111 1011, 第二列接通低电平
  69   2                      P1 = 0xfb;
  70   2                      if(P1 != 0xfb){  
  71   3                              delay_10us(1000); 
  72   3                              while(P1 == 0x7b){  
  73   4                      P0 = Array[4];
  74   4                  }
  75   3                  while(P1 == 0xbb){  
  76   4                      P0 = Array[5];
  77   4                  }
  78   3                  while(P1 == 0xdb){  
  79   4                      P0 = Array[6];
  80   4                  }
  81   3                  while(P1 == 0xeb){  
  82   4                      P0 = Array[7];
  83   4                  }
  84   3                      }
  85   2                      
  86   2                      // 0xfd : 1111 1101, 第三列接通低电平
  87   2                      P1 = 0xfd;
  88   2                      if(P1 != 0xfd){  
  89   3                              delay_10us(1000);  
  90   3                              while(P1 == 0x7d){   
  91   4                      P0 = Array[8];
  92   4                  }
  93   3                  while(P1 == 0xbd){  
  94   4                      P0 = Array[9];
  95   4                  }
  96   3                  while(P1 == 0xdd){  
  97   4                      P0 = Array[10];
  98   4                  }
  99   3                  while(P1 == 0xed){  
 100   4                      P0 = Array[11];
 101   4                  }
 102   3                      }
 103   2                      
 104   2                      // 0xfd : 1111 1110, 第四列接通低电平
 105   2                      P1 = 0xfe;
 106   2                      if(P1 != 0xfe){  
 107   3                              delay_10us(1000);  
 108   3                              while(P1 == 0x7e){   
 109   4                      P0 = Array[12];
 110   4                  }
 111   3                  while(P1 == 0xbe){  
 112   4                      P0 = Array[13];
 113   4                  }
 114   3                  while(P1 == 0xde){  
 115   4                      P0 = Array[14];
 116   4                  }
C51 COMPILER V9.54   MAIN                                                                  05/05/2024 17:59:04 PAGE 3   

 117   3                  while(P1 == 0xee){  
 118   4                      P0 = Array[15];
 119   4                  }
 120   3                      }
 121   2              }
 122   1          
 123   1      }


MODULE INFORMATION:   STATIC OVERLAYABLE
   CODE SIZE        =    293    ----
   CONSTANT SIZE    =     16    ----
   XDATA SIZE       =   ----    ----
   PDATA SIZE       =   ----    ----
   DATA SIZE        =   ----    ----
   IDATA SIZE       =   ----    ----
   BIT SIZE         =   ----    ----
END OF MODULE INFORMATION.


C51 COMPILATION COMPLETE.  0 WARNING(S),  0 ERROR(S)
