C51 COMPILER V9.54   MAIN                                                                  05/06/2024 10:52:31 PAGE 1   


C51 COMPILER V9.54, COMPILATION OF MODULE MAIN
OBJECT MODULE PLACED IN .\Objects\main.obj
COMPILER INVOKED BY: E:\KeilC51\C51\BIN\C51.EXE main.c OPTIMIZE(8,SPEED) BROWSE DEBUG OBJECTEXTEND PRINT(.\Listings\main
                    -.lst) OBJECT(.\Objects\main.obj)

line level    source

   1          #include "reg52.h"
   2          
   3          // 参考博客 : https://blog.csdn.net/qq_65980796/article/details/131996779
   4          
   5          sbit LED0 = P2 ^ 0;
   6          sbit LED1 = P2 ^ 1;
   7          
   8          /*
   9                  TMOD : 
  10                  M0
  11                  M1
  12                  C/T_
  13                  GATE
  14                  M0
  15                  M1
  16                  C/T_
  17                  GATE
  18          */
  19          
  20          /* 初始化 T0 计时器，使得 1ms 中断一次 */
  21          void T0_1ms_init(){
  22   1              /*
  23   1              设定T0定时器模式 
  24   1              M1 = 0, M0 = 1, 工作方式 1, 16 位定时器/计数器
  25   1              */
  26   1              TMOD = 0x01;
  27   1              
  28   1              /*
  29   1                      设定定时器初值, 使得 1ms 中断一次
  30   1                      两个 8 位计数器到 2^16 = 65536 会溢出
  31   1                      机器周期大约为 1us,
  32   1                      初始值设定为 64536 = 0xFC18 就能 1ms 中断一次(不精确)
  33   1              */
  34   1              TH0 = 0xFC;
  35   1              TL0 = 0x18;
  36   1              
  37   1              // 开启定时器0 中断
  38   1              ET0 = 1;
  39   1              
  40   1              // 开启总中断
  41   1              EA = 1;
  42   1              
  43   1              // 开启计时器开关 TR0 
  44   1              TR0 = 1;
  45   1      }
  46          
  47          /* 初始化 T1 计时器，使得 50ms 中断一次 */
  48          void T1_50ms_init(){
  49   1              // 设定T1定时器模式 : 工作在方式1, 16位定时器 
  50   1              TMOD |= 0x10;
  51   1              
  52   1              // 50ms 中断一次 : 65536 - 50 * 1000 = 15536 = 0x3CB0
  53   1              TH1 = 0x3C;
  54   1              TL1 = 0xB0;
C51 COMPILER V9.54   MAIN                                                                  05/06/2024 10:52:31 PAGE 2   

  55   1              
  56   1              // 开启定时器0 中断
  57   1              ET1 = 1;
  58   1              // 开启总中断
  59   1              EA = 1;
  60   1              
  61   1              // 开启计时器开关 TR0 
  62   1              TR1 = 1;
  63   1      }
  64          
  65          void main(){
  66   1              // 初始化定时器
  67   1              T0_1ms_init();
  68   1              T1_50ms_init();
  69   1              while(1){
  70   2                      
  71   2              }
  72   1      }
  73          
  74          void T0_isr() interrupt 1{
  75   1              // 1s 使得小灯1 翻转一次
  76   1              static unsigned int counter = 0;
  77   1              counter ++;
  78   1              if(counter == 1000){ // 1000 * 1 = 1000 ms
  79   2                      counter = 0; 
  80   2                      LED0 = !LED0;
  81   2              }
  82   1              // 保证 1ms 的计时器中断周期
  83   1              TH0 = 0xFC;
  84   1              TL0 = 0x18;
  85   1      }
  86          
  87          void T1_isr() interrupt 3{
  88   1              // 1s 使得小灯2 翻转一次
  89   1              static unsigned int counter = 0;
  90   1              counter ++;
  91   1              if(counter == 20){ // 50 * 20 = 1000 ms
  92   2                      counter = 0; 
  93   2                      LED1 = !LED1;
  94   2              }
  95   1              // 保证 50ms 的计时器中断周期
  96   1              TH1 = 0x3C;
  97   1              TL1 = 0xB0;
  98   1      }


MODULE INFORMATION:   STATIC OVERLAYABLE
   CODE SIZE        =    110    ----
   CONSTANT SIZE    =   ----    ----
   XDATA SIZE       =   ----    ----
   PDATA SIZE       =   ----    ----
   DATA SIZE        =      4    ----
   IDATA SIZE       =   ----    ----
   BIT SIZE         =   ----    ----
END OF MODULE INFORMATION.


C51 COMPILATION COMPLETE.  0 WARNING(S),  0 ERROR(S)
