C51 COMPILER V9.54   LCD1602                                                               05/21/2024 19:40:00 PAGE 1   


C51 COMPILER V9.54, COMPILATION OF MODULE LCD1602
OBJECT MODULE PLACED IN ..\output\Eight_Multiple_Eight_LED_Matrix\LCD1602.obj
COMPILER INVOKED BY: E:\KeilC51\C51\BIN\C51.EXE ..\bsp\LCD1602A\LCD1602.c OPTIMIZE(8,SPEED) BROWSE INCDIR(..\user;..\bsp
                    -\Eight_Multiple_Eight_LED_Matrix;..\bsp\IIC;..\bsp\timer;..\bsp\LCD1602A;..\bsp\DS1302) DEBUG OBJECTEXTEND PRINT(.\Listi
                    -ngs\LCD1602.lst) OBJECT(..\output\Eight_Multiple_Eight_LED_Matrix\LCD1602.obj)

line level    source

   1          #include "public.h"
   2          
   3          
   4          /*******************************************************************************
   5          * 函 数 名       : lcd1602_write_cmd
   6          * 函数功能               : LCD1602写命令
   7          * 输    入       : cmd：指令
   8          * 输    出       : 无
   9          
  10          *******************************************************************************/
  11          void lcd1602_write_cmd(u8 cmd)
  12          {
  13   1              // 可以查询 lcd1602 时序图的 写时序来进行编码
  14   1              LCD1602_RS=0;//选择命令
  15   1              LCD1602_RW=0;//选择写
  16   1              LCD1602_E=0;
  17   1              LCD1602_DATAPORT=cmd;//准备命令
  18   1              delay_10us(100);
  19   1              LCD1602_E=1;//使能脚E先上升沿写入
  20   1              delay_10us(100);
  21   1              LCD1602_E=0;//使能脚E后负跳变完成写入   
  22   1      }
  23          
  24          /*******************************************************************************
  25          * 函 数 名       : lcd1602_write_data
  26          * 函数功能               : LCD1602写数据
  27          * 输    入       : dat：数据
  28          * 输    出       : 无
  29          *******************************************************************************/
  30          
  31          void lcd1602_write_data(u8 dat) 
  32          {
  33   1              LCD1602_RS=1;//选择数据
  34   1              LCD1602_RW=0;//选择写
  35   1              LCD1602_E=0;
  36   1              LCD1602_DATAPORT=dat;//准备数据
  37   1              delay_10us(100);
  38   1              LCD1602_E=1;//使能脚E先上升沿写入
  39   1              delay_10us(100);
  40   1              LCD1602_E=0;//使能脚E后负跳变完成写入           
  41   1      }
  42          
  43          /*******************************************************************************
  44          * 函 数 名       : lcd1602_init
  45          * 函数功能               : LCD1602初始化
  46          * 输    入       : 无
  47          * 输    出       : 无
  48          *******************************************************************************/
  49          
  50          void lcd1602_init()
  51          {
  52   1              lcd1602_write_cmd(0x38);//数据总线8位，显示2行，5*7点阵/字符
  53   1              lcd1602_write_cmd(0x0c);//显示功能开，无光标，光标闪烁
C51 COMPILER V9.54   LCD1602                                                               05/21/2024 19:40:00 PAGE 2   

  54   1              lcd1602_write_cmd(0x06);//写入新数据后光标右移，显示屏不移动
  55   1              lcd1602_write_cmd(0x01);//清屏  
  56   1      }
  57          
  58          /*******************************************************************************
  59          * 函 数 名       : lcd1602_clear
  60          * 函数功能               : LCD1602清屏
  61          * 输    入       : 无
  62          * 输    出       : 无
  63          *******************************************************************************/
  64          void lcd1602_clear()
  65          {
  66   1              lcd1602_write_cmd(0x01);        
  67   1      }
  68          
  69          /*******************************************************************************
  70          * 函 数 名       : lcd1602_show_string
  71          * 函数功能               : LCD1602显示字符
  72          * 输    入       : x,y：显示坐标，x=0~15，y=0~1;
  73                                             str：显示字符串
  74          * 输    出       : 无
  75          *******************************************************************************/
  76          void lcd1602_show_string(u8 x,u8 y,u8 *str)
  77          {
  78   1              u8 i=0;
  79   1      
  80   1              if(y>1||x>15)return;//行列参数不对则强制退出
  81   1      
  82   1              if(y<1) //第1行显示
  83   1              {       
  84   2                      while(*str!='\0')//字符串是以'\0'结尾，只要前面有内容就显示
  85   2                      {
  86   3                              if(i<16-x)//如果字符长度超过第一行显示范围，则在第二行继续显示
  87   3                              {
  88   4                                      lcd1602_write_cmd(0x80+i+x);//第一行显示地址设置        
  89   4                              }
  90   3                              else
  91   3                              {
  92   4                                      lcd1602_write_cmd(0x40+0x80+i+x-16);//第二行显示地址设置        
  93   4                              }
  94   3                              lcd1602_write_data(*str);//显示内容
  95   3                              str++;//指针递增
  96   3                              i++;    
  97   3                      }       
  98   2              }
  99   1              else    //第2行显示
 100   1              {
 101   2                      while(*str!='\0')
 102   2                      {
 103   3                              if(i<16-x) //如果字符长度超过第二行显示范围，则在第一行继续显示
 104   3                              {
 105   4                                      lcd1602_write_cmd(0x80+0x40+i+x);       
 106   4                              }
 107   3                              else
 108   3                              {
 109   4                                      lcd1602_write_cmd(0x80+i+x-16); 
 110   4                              }
 111   3                              lcd1602_write_data(*str);
 112   3                              str++;
 113   3                              i++;    
 114   3                      }       
 115   2              }                               
C51 COMPILER V9.54   LCD1602                                                               05/21/2024 19:40:00 PAGE 3   

 116   1      }


MODULE INFORMATION:   STATIC OVERLAYABLE
   CODE SIZE        =    236    ----
   CONSTANT SIZE    =   ----    ----
   XDATA SIZE       =   ----    ----
   PDATA SIZE       =   ----    ----
   DATA SIZE        =   ----       5
   IDATA SIZE       =   ----    ----
   BIT SIZE         =   ----    ----
END OF MODULE INFORMATION.


C51 COMPILATION COMPLETE.  0 WARNING(S),  0 ERROR(S)
