C51 COMPILER V9.54   MAIN                                                                  06/18/2024 08:34:22 PAGE 1   


C51 COMPILER V9.54, COMPILATION OF MODULE MAIN
OBJECT MODULE PLACED IN ..\output\Eight_Multiple_Eight_LED_Matrix\main.obj
COMPILER INVOKED BY: E:\KeilC51\C51\BIN\C51.EXE ..\user\main.c OPTIMIZE(8,SPEED) BROWSE INCDIR(..\user;..\bsp\Eight_Mult
                    -iple_Eight_LED_Matrix;..\bsp\timer) DEBUG OBJECTEXTEND PRINT(.\Listings\main.lst) OBJECT(..\output\Eight_Multiple_Eight_
                    -LED_Matrix\main.obj)

line level    source

   1          #include "public.h"
   2          
   3          void main(){
   4   1              T0_1ms_init();
*** WARNING C206 IN LINE 4 OF ..\user\main.c: 'T0_1ms_init': missing function-prototype
   5   1              while(1){
   6   2                      
   7   2              }
   8   1      }


MODULE INFORMATION:   STATIC OVERLAYABLE
   CODE SIZE        =      5    ----
   CONSTANT SIZE    =   ----    ----
   XDATA SIZE       =   ----    ----
   PDATA SIZE       =   ----    ----
   DATA SIZE        =   ----    ----
   IDATA SIZE       =   ----    ----
   BIT SIZE         =   ----    ----
END OF MODULE INFORMATION.


C51 COMPILATION COMPLETE.  1 WARNING(S),  0 ERROR(S)
