C51 COMPILER V9.54   PUBLIC                                                                05/21/2024 19:42:36 PAGE 1   


C51 COMPILER V9.54, COMPILATION OF MODULE PUBLIC
OBJECT MODULE PLACED IN ..\output\Eight_Multiple_Eight_LED_Matrix\public.obj
COMPILER INVOKED BY: E:\KeilC51\C51\BIN\C51.EXE ..\user\public.c OPTIMIZE(8,SPEED) BROWSE INCDIR(..\user;..\bsp\Eight_Mu
                    -ltiple_Eight_LED_Matrix;..\bsp\timer) DEBUG OBJECTEXTEND PRINT(.\Listings\public.lst) OBJECT(..\output\Eight_Multiple_Ei
                    -ght_LED_Matrix\public.obj)

line level    source

   1          #include "public.h"
   2          
   3          void delay_10us(u16 ten_us){
   4   1              while(ten_us --);
   5   1      }


MODULE INFORMATION:   STATIC OVERLAYABLE
   CODE SIZE        =     11    ----
   CONSTANT SIZE    =   ----    ----
   XDATA SIZE       =   ----    ----
   PDATA SIZE       =   ----    ----
   DATA SIZE        =   ----    ----
   IDATA SIZE       =   ----    ----
   BIT SIZE         =   ----    ----
END OF MODULE INFORMATION.


C51 COMPILATION COMPLETE.  0 WARNING(S),  0 ERROR(S)
