C51 COMPILER V9.54   MAIN                                                                  05/28/2024 17:04:51 PAGE 1   


C51 COMPILER V9.54, COMPILATION OF MODULE MAIN
OBJECT MODULE PLACED IN .\Obj\main.obj
COMPILER INVOKED BY: E:\KeilC51\C51\BIN\C51.EXE User\main.c OPTIMIZE(8,SPEED) BROWSE INCDIR(.\App\24c02;.\App\iic;.\App\
                    -key;.\App\smg;.\Public;.\App\ds18b20;.\App\beep;.\App\time;.\App\lcd1602;.\App\ired;.\App\smg;.\App\ds1302;.\App_Demo) D
                    -EBUG OBJECTEXTEND PRINT(.\Obj\main.lst) OBJECT(.\Obj\main.obj)

line level    source

   1          /**************************************************************************************
   2          深圳市普中科技有限公司（PRECHIN 普中）
   3          技术支持：www.prechin.net
   4          PRECHIN
   5           普中
   6           
   7          实验名称：电子万年历（DS1302+LCD1602+DS18B20）
   8          接线说明：      
   9          实验现象：开机时，LCD1602默认显示初始化日历时间和温度值，当按下K1键第1次，
  10                          进入日期和时间设定模式，此时光标会在要调整的时间位置闪烁，可通过K3键进行数据加1，
  11                          如需切换所要调整的时间位置，可按K2键切换。当按下K1键第2次，进入闹钟设置模式（时-分），
  12                          此时光标同样在所要调整的时间位置闪烁，可通过K3键进行数据加1，如需切换所要调整的时间位置，
  13                          可按K2键切换，要让闹钟开启，除了设定对应的时间外，还需要设置闹钟开关为“ON”。
  14                          当按下K1键第3次，又会回到刚才日期和时间设定模式，如此循环。当设定完成后，可按下K4键保存。
  15                          时间会按照预定设定进行，如果开启闹钟，当前时间（时-分）如果与闹铃时间（时-分）相等，
  16                          则蜂鸣器发出声音，一分钟以后则停止。
  17          注意事项：接入LCD1602、DS18B20                                                                                                                                                            
  18          ***************************************************************************************/
  19          #include "public.h"
  20          #include "calendar.h"
  21          
  22          
  23          /*******************************************************************************
  24          * 函 数 名       : main
  25          * 函数功能               : 主函数
  26          * 输    入       : 无
  27          * 输    出       : 无
  28          *******************************************************************************/
  29          void main()
  30          {       
  31   1              calendar_test();
  32   1              
  33   1              while(1)
  34   1              {
  35   2                                                                      
  36   2              }
  37   1      }


MODULE INFORMATION:   STATIC OVERLAYABLE
   CODE SIZE        =      5    ----
   CONSTANT SIZE    =   ----    ----
   XDATA SIZE       =   ----    ----
   PDATA SIZE       =   ----    ----
   DATA SIZE        =   ----    ----
   IDATA SIZE       =   ----    ----
   BIT SIZE         =   ----    ----
END OF MODULE INFORMATION.


C51 COMPILATION COMPLETE.  0 WARNING(S),  0 ERROR(S)
