C51 COMPILER V9.54   DS                                                                    05/27/2024 11:27:02 PAGE 1   


C51 COMPILER V9.54, COMPILATION OF MODULE DS
OBJECT MODULE PLACED IN ..\output\DS.obj
COMPILER INVOKED BY: E:\KeilC51\C51\BIN\C51.EXE ..\bsp\DS\DS.c OPTIMIZE(8,SPEED) BROWSE INCDIR(..\bsp\DS;..\bsp\LCD;..\u
                    -ser) DEBUG OBJECTEXTEND PRINT(.\Listings\DS.lst) OBJECT(..\output\DS.obj)

line level    source

   1          #include "public.h"
   2          
   3          //---DS1302写入和读取时分秒的地址命令---//
   4          //---秒分时日月周年 最低位读写位;-------//
   5          u8 gREAD_RTC_ADDR[7] = {0x81, 0x83, 0x85, 0x87, 0x89, 0x8b, 0x8d}; 
   6          u8 gWRITE_RTC_ADDR[7] = {0x80, 0x82, 0x84, 0x86, 0x88, 0x8a, 0x8c};
   7          
   8          //---DS1302时钟初始化2021年05月20日星期四13点51分47秒。---//
   9          //---存储顺序是秒分时日月周年,存储格式是用BCD码---//
  10          // u8 gDS1302_TIME[7] = {0x47, 0x51, 0x13, 0x20, 0x04, 0x05, 0x21};
  11          
  12          
  13          
  14          // 2024年5月21日20:19:01 作业, 初始化为 2024年 - 05 - 21 - 20 - 19 - 01
  15          u8 gDS1302_TIME[7] = {0x01, 0x19, 0x20, 0x21, 0x05, 0x24, 0x20};
  16          
  17          
  18          
  19          /*******************************************************************************
  20          * 函 数 名       : ds1302_write_byte
  21          * 函数功能               : DS1302写单字节
  22          * 输    入       : addr：地址/命令
  23                                             dat：数据
  24          * 输    出       : 无
  25          * DS1302 参考手册
  26          *******************************************************************************/
  27          void ds1302_write_byte(u8 addr,u8 dat)
  28          {
  29   1              u8 i=0;
  30   1              
  31   1              /////// 图里 CE 就是 RST
  32   1              
  33   1              /////// 根据 DS1302 参考手册时序图
  34   1              DS1302_RST=0;
  35   1              _nop_(); /////// 延时 1us       
  36   1              DS1302_CLK=0;//CLK低电平
  37   1              _nop_();
  38   1              DS1302_RST=1;//RST由低到高变化
  39   1              _nop_();
  40   1              
  41   1              /////// 按位发送 addr(D7 - D0), 先发低位 D0, 依次发送 
  42   1              for(i=0;i<8;i++)//循环8次，每次写1位，先写低位再写高位
  43   1              {
  44   2                      DS1302_IO=addr&0x01; /////// 取最低位
  45   2                      addr>>=1; /////// 右移 
  46   2                      DS1302_CLK=1;
  47   2                      _nop_();
  48   2                      DS1302_CLK=0;//CLK由低到高产生一个上升沿，从而写入数据
  49   2                      _nop_();                
  50   2              }
  51   1              /////// 按位发送 dat(D7 - D0), 先发低位 D0, 依次发送
  52   1              for(i=0;i<8;i++)//循环8次，每次写1位，先写低位再写高位
  53   1              {
  54   2                      DS1302_IO=dat&0x01;
C51 COMPILER V9.54   DS                                                                    05/27/2024 11:27:02 PAGE 2   

  55   2                      dat>>=1;
  56   2                      DS1302_CLK=1;
  57   2                      _nop_();
  58   2                      DS1302_CLK=0;
  59   2                      _nop_();                
  60   2              }
  61   1              DS1302_RST=0;//RST拉低
  62   1              _nop_();        
  63   1      }
  64          
  65          /*******************************************************************************
  66          * 函 数 名       : ds1302_read_byte
  67          * 函数功能               : DS1302读单字节
  68          * 输    入       : addr：地址/命令
  69          * 输    出       : 读取的数据
  70          *******************************************************************************/
  71          u8 ds1302_read_byte(u8 addr)
  72          {
  73   1              u8 i=0;
  74   1              u8 temp=0;
  75   1              u8 value=0;
  76   1      
  77   1              DS1302_RST=0;
  78   1              _nop_();        
  79   1              DS1302_CLK=0;//CLK低电平
  80   1              _nop_();
  81   1              DS1302_RST=1;//RST由低到高变化
  82   1              _nop_();
  83   1              
  84   1              for(i=0;i<8;i++)//循环8次，每次写1位，先写低位再写高位
  85   1              {
  86   2                      DS1302_IO=addr&0x01;
  87   2                      addr>>=1;       
  88   2                      DS1302_CLK=1;
  89   2                      _nop_();
  90   2                      DS1302_CLK=0;//CLK由低到高产生一个上升沿，从而写入数据
  91   2                      _nop_();                
  92   2              }
  93   1              for(i=0;i<8;i++)//循环8次，每次读1位，先读低位再读高位
  94   1              {
  95   2                      temp=DS1302_IO; /////// RTC 准备好总线上的数据
  96   2                      value=(temp<<7)|(value>>1);//先将value右移1位，然后temp左移7位，最后或运算
  97   2                      DS1302_CLK=1;
  98   2                      _nop_();
  99   2                      DS1302_CLK=0;
 100   2                      _nop_();                
 101   2              }
 102   1              DS1302_RST=0;//RST拉低
 103   1              _nop_();        
 104   1              
 105   1              /////// 我们好像不用写
 106   1              DS1302_CLK=1;//对于实物中，P3.4口没有外接上拉电阻的，此处代码需要添加，使数据口有一个上升沿脉冲。
 107   1              _nop_();
 108   1              DS1302_IO = 0;
 109   1              _nop_();
 110   1              DS1302_IO = 1;
 111   1              _nop_();        
 112   1              return value;           
 113   1      }
 114          
 115          /*******************************************************************************
 116          * 函 数 名       : ds1302_init
C51 COMPILER V9.54   DS                                                                    05/27/2024 11:27:02 PAGE 3   

 117          * 函数功能               : DS1302初始化时间
 118          * 输    入       : 无
 119          * 输    出       : 无
 120          *******************************************************************************/
 121          void ds1302_init()
 122          {
 123   1              u8 i=0;
 124   1              ds1302_write_byte(0x8E,0X00);
 125   1              
 126   1              for(i=0;i<7;i++)
 127   1              {
 128   2                      ds1302_write_byte(gWRITE_RTC_ADDR[i],gDS1302_TIME[i]);  
 129   2              }
 130   1              ds1302_write_byte(0x8E,0X80);   
 131   1      }
 132          
 133          /*******************************************************************************
 134          * 函 数 名       : ds1302_read_time
 135          * 函数功能               : DS1302读取时间
 136          * 输    入       : 无
 137          * 输    出       : 无
 138          *******************************************************************************/
 139          void ds1302_read_time()
 140          {
 141   1              u8 i=0;
 142   1              for(i=0;i<7;i++)
 143   1              {
 144   2                      gDS1302_TIME[i]=ds1302_read_byte(gREAD_RTC_ADDR[i]);    
 145   2              }       
 146   1      }


MODULE INFORMATION:   STATIC OVERLAYABLE
   CODE SIZE        =    184    ----
   CONSTANT SIZE    =   ----    ----
   XDATA SIZE       =   ----    ----
   PDATA SIZE       =   ----    ----
   DATA SIZE        =     21    ----
   IDATA SIZE       =   ----    ----
   BIT SIZE         =   ----    ----
END OF MODULE INFORMATION.


C51 COMPILATION COMPLETE.  0 WARNING(S),  0 ERROR(S)
