C51 COMPILER V9.54   MAIN                                                                  06/03/2024 11:05:16 PAGE 1   


C51 COMPILER V9.54, COMPILATION OF MODULE MAIN
OBJECT MODULE PLACED IN ..\output\main.obj
COMPILER INVOKED BY: E:\KeilC51\C51\BIN\C51.EXE ..\user\main.c OPTIMIZE(8,SPEED) BROWSE INCDIR(..\bsp\DS;..\bsp\LCD;..\u
                    -ser;..\bsp\DS18;..\bsp\timer) DEBUG OBJECTEXTEND PRINT(.\Listings\main.lst) OBJECT(..\output\main.obj)

line level    source

   1          #include "public.h"
   2          
   3          int temp_value; // 全部变量记录温度
   4          
   5          void main(){    
   6   1              ds18b20_init();// 初始化DS18B20温度传感器
   7   1              lcd1602_init(); // LCD 1602 初始化
   8   1              T0_50ms_init(); // T0 50 ms 中断配置
   9   1              
  10   1              while(1){
  11   2                      lcd1602_write_cmd(0x80); // 第一行开始写
  12   2                      
  13   2                      if(temp_value<0)//处理负温度
  14   2                      {
  15   3                              temp_value=-temp_value; // 转化成正数
  16   3                              lcd1602_write_data('-'); // 输出 - 号
  17   3                      
  18   3                      }
  19   2                      
  20   2                      // 输出显示温度信息
  21   2                      // 输出显示 Temperature 的缩写 temp
  22   2                      lcd1602_write_data('T');
  23   2                      lcd1602_write_data('E');
  24   2                      lcd1602_write_data('M');
  25   2                      lcd1602_write_data('P');
  26   2                      lcd1602_write_data(':');
  27   2                      lcd1602_write_data('0' + temp_value/1000); // 温度的十位
  28   2                      lcd1602_write_data('0' + temp_value%1000/100); // 温度个位
  29   2                      lcd1602_write_data('.'); // 小数点
  30   2                      lcd1602_write_data('0' + temp_value%100/10); // 保留小数点一位
  31   2                      lcd1602_write_data('0' + temp_value%10); // 保留小数点两位
  32   2                      // \' 转义字符与下面的句子结合 输出 'C 表示摄氏度
  33   2                      lcd1602_write_data('\''); 
  34   2                      lcd1602_write_data('C');
  35   2                      // 显示个人信息
  36   2                      lcd1602_show_string(0, 1, "CREATED BY WPC");
  37   2              }
  38   1              
  39   1      }
  40          
  41          // 定时器配置 :  1s 读取一次温度
  42          void T0_isr() interrupt 1{
  43   1              static unsigned int counter = 0; // 记录中断次数
  44   1              counter ++; // 中断次数 + 1
  45   1              if(counter == 20){ // 50ms * 20 = 1000 ms = 1 s
  46   2                      counter = 0; // 清空记录变量
  47   2                      temp_value=ds18b20_read_temperture()*100;// 全局变量 temp_value 读取温度, 保留温度值小数后两位
  48   2              }
  49   1              // 保证 50ms 的计时器中断周期 : 65536-50*1000 = 15536 = 0x3CB0
  50   1              TH0 = 0x3C;
  51   1              TL0 = 0xB0;
  52   1      }


C51 COMPILER V9.54   MAIN                                                                  06/03/2024 11:05:16 PAGE 2   

MODULE INFORMATION:   STATIC OVERLAYABLE
   CODE SIZE        =    293    ----
   CONSTANT SIZE    =     15    ----
   XDATA SIZE       =   ----    ----
   PDATA SIZE       =   ----    ----
   DATA SIZE        =      4    ----
   IDATA SIZE       =   ----    ----
   BIT SIZE         =   ----    ----
END OF MODULE INFORMATION.


C51 COMPILATION COMPLETE.  0 WARNING(S),  0 ERROR(S)
