C51 COMPILER V9.54   DS1302                                                                05/21/2024 20:19:54 PAGE 1   


C51 COMPILER V9.54, COMPILATION OF MODULE DS1302
OBJECT MODULE PLACED IN .\Obj\ds1302.obj
COMPILER INVOKED BY: E:\KeilC51\C51\BIN\C51.EXE App\ds1302\ds1302.c OPTIMIZE(8,SPEED) BROWSE INCDIR(.\App\24c02;.\App\ii
                    -c;.\App\key;.\App\smg;.\Public;.\App\ds18b20;.\App\ds1302) DEBUG OBJECTEXTEND PRINT(.\Obj\ds1302.lst) OBJECT(.\Obj\ds130
                    -2.obj)

line level    source

   1          #include "ds1302.h"
   2          #include "intrins.h" /////// _nop_();
   3          
   4          //---DS1302写入和读取时分秒的地址命令---//
   5          //---秒分时日月周年 最低位读写位;-------//
   6          u8 gREAD_RTC_ADDR[7] = {0x81, 0x83, 0x85, 0x87, 0x89, 0x8b, 0x8d}; 
   7          u8 gWRITE_RTC_ADDR[7] = {0x80, 0x82, 0x84, 0x86, 0x88, 0x8a, 0x8c};
   8          
   9          //---DS1302时钟初始化2021年5月20日星期四13点51分47秒。---//
  10          //---存储顺序是秒分时日月周年,存储格式是用BCD码---//
  11          u8 gDS1302_TIME[7] = {0x47, 0x51, 0x13, 0x20, 0x04, 0x05, 0x21};
  12          
  13          
  14          /*******************************************************************************
  15          * 函 数 名       : ds1302_write_byte
  16          * 函数功能               : DS1302写单字节
  17          * 输    入       : addr：地址/命令
  18                                             dat：数据
  19          * 输    出       : 无
  20          * DS1302 参考手册
  21          *******************************************************************************/
  22          void ds1302_write_byte(u8 addr,u8 dat)
  23          {
  24   1              u8 i=0;
  25   1              
  26   1              /////// 图里 CE 就是 RST
  27   1              
  28   1              /////// 根据 DS1302 参考手册时序图
  29   1              DS1302_RST=0;
  30   1              _nop_(); /////// 延时 1us       
  31   1              DS1302_CLK=0;//CLK低电平
  32   1              _nop_();
  33   1              DS1302_RST=1;//RST由低到高变化
  34   1              _nop_();
  35   1              
  36   1              /////// 按位发送 addr(D7 - D0), 先发低位 D0, 依次发送 
  37   1              for(i=0;i<8;i++)//循环8次，每次写1位，先写低位再写高位
  38   1              {
  39   2                      DS1302_IO=addr&0x01; /////// 取最低位
  40   2                      addr>>=1; /////// 右移 
  41   2                      DS1302_CLK=1;
  42   2                      _nop_();
  43   2                      DS1302_CLK=0;//CLK由低到高产生一个上升沿，从而写入数据
  44   2                      _nop_();                
  45   2              }
  46   1              /////// 按位发送 dat(D7 - D0), 先发低位 D0, 依次发送
  47   1              for(i=0;i<8;i++)//循环8次，每次写1位，先写低位再写高位
  48   1              {
  49   2                      DS1302_IO=dat&0x01;
  50   2                      dat>>=1;
  51   2                      DS1302_CLK=1;
  52   2                      _nop_();
  53   2                      DS1302_CLK=0;
C51 COMPILER V9.54   DS1302                                                                05/21/2024 20:19:54 PAGE 2   

  54   2                      _nop_();                
  55   2              }
  56   1              DS1302_RST=0;//RST拉低
  57   1              _nop_();        
  58   1      }
  59          
  60          /*******************************************************************************
  61          * 函 数 名       : ds1302_read_byte
  62          * 函数功能               : DS1302读单字节
  63          * 输    入       : addr：地址/命令
  64          * 输    出       : 读取的数据
  65          *******************************************************************************/
  66          u8 ds1302_read_byte(u8 addr)
  67          {
  68   1              u8 i=0;
  69   1              u8 temp=0;
  70   1              u8 value=0;
  71   1      
  72   1              DS1302_RST=0;
  73   1              _nop_();        
  74   1              DS1302_CLK=0;//CLK低电平
  75   1              _nop_();
  76   1              DS1302_RST=1;//RST由低到高变化
  77   1              _nop_();
  78   1              
  79   1              for(i=0;i<8;i++)//循环8次，每次写1位，先写低位再写高位
  80   1              {
  81   2                      DS1302_IO=addr&0x01;
  82   2                      addr>>=1;       
  83   2                      DS1302_CLK=1;
  84   2                      _nop_();
  85   2                      DS1302_CLK=0;//CLK由低到高产生一个上升沿，从而写入数据
  86   2                      _nop_();                
  87   2              }
  88   1              for(i=0;i<8;i++)//循环8次，每次读1位，先读低位再读高位
  89   1              {
  90   2                      temp=DS1302_IO; /////// RTC 准备好总线上的数据
  91   2                      value=(temp<<7)|(value>>1);//先将value右移1位，然后temp左移7位，最后或运算
  92   2                      DS1302_CLK=1;
  93   2                      _nop_();
  94   2                      DS1302_CLK=0;
  95   2                      _nop_();                
  96   2              }
  97   1              DS1302_RST=0;//RST拉低
  98   1              _nop_();        
  99   1              
 100   1              /////// 我们好像不用写
 101   1              DS1302_CLK=1;//对于实物中，P3.4口没有外接上拉电阻的，此处代码需要添加，使数据口有一个上升沿脉冲。
 102   1              _nop_();
 103   1              DS1302_IO = 0;
 104   1              _nop_();
 105   1              DS1302_IO = 1;
 106   1              _nop_();        
 107   1              return value;           
 108   1      }
 109          
 110          /*******************************************************************************
 111          * 函 数 名       : ds1302_init
 112          * 函数功能               : DS1302初始化时间
 113          * 输    入       : 无
 114          * 输    出       : 无
 115          *******************************************************************************/
C51 COMPILER V9.54   DS1302                                                                05/21/2024 20:19:54 PAGE 3   

 116          void ds1302_init(void)
 117          {
 118   1              u8 i=0;
 119   1              ds1302_write_byte(0x8E,0X00);
 120   1              
 121   1              for(i=0;i<7;i++)
 122   1              {
 123   2                      ds1302_write_byte(gWRITE_RTC_ADDR[i],gDS1302_TIME[i]);  
 124   2              }
 125   1              ds1302_write_byte(0x8E,0X80);   
 126   1      }
 127          
 128          /*******************************************************************************
 129          * 函 数 名       : ds1302_read_time
 130          * 函数功能               : DS1302读取时间
 131          * 输    入       : 无
 132          * 输    出       : 无
 133          *******************************************************************************/
 134          void ds1302_read_time(void)
 135          {
 136   1              u8 i=0;
 137   1              for(i=0;i<7;i++)
 138   1              {
 139   2                      gDS1302_TIME[i]=ds1302_read_byte(gREAD_RTC_ADDR[i]);    
 140   2              }       
 141   1      }


MODULE INFORMATION:   STATIC OVERLAYABLE
   CODE SIZE        =    184    ----
   CONSTANT SIZE    =   ----    ----
   XDATA SIZE       =   ----    ----
   PDATA SIZE       =   ----    ----
   DATA SIZE        =     21    ----
   IDATA SIZE       =   ----    ----
   BIT SIZE         =   ----    ----
END OF MODULE INFORMATION.


C51 COMPILATION COMPLETE.  0 WARNING(S),  0 ERROR(S)
