C51 COMPILER V9.54   MAIN                                                                  05/20/2024 17:03:36 PAGE 1   


C51 COMPILER V9.54, COMPILATION OF MODULE MAIN
OBJECT MODULE PLACED IN .\Obj\main.obj
COMPILER INVOKED BY: E:\KeilC51\C51\BIN\C51.EXE User\main.c OPTIMIZE(8,SPEED) BROWSE INCDIR(.\App\24c02;.\App\iic;.\App\
                    -key;.\App\smg;.\Public;.\App\ds18b20;.\App\ds1302) DEBUG OBJECTEXTEND PRINT(.\Obj\main.lst) OBJECT(.\Obj\main.obj)

line level    source

   1          /**************************************************************************************
   2          深圳市普中科技有限公司（PRECHIN 普中）
   3          技术支持：www.prechin.net
   4          PRECHIN
   5           普中
   6          
   7          实验名称：DS1302时钟实验
   8          接线说明：      
   9          实验现象：下载程序后，数码管上显示电子时钟时分秒，格式为“XX-XX-XX”
  10          注意事项：                                                                                                                                                                
  11          ***************************************************************************************/
  12          #include "public.h"
  13          #include "smg.h"
  14          #include "ds1302.h"
  15          
  16          
  17          /*******************************************************************************
  18          * 函 数 名       : main
  19          * 函数功能               : 主函数
  20          * 输    入       : 无
  21          * 输    出       : 无
  22          *******************************************************************************/
  23          void main()
  24          {       
  25   1              u8 time_buf[8];
  26   1              
  27   1              ds1302_init();//初始化DS1302
  28   1      
  29   1              while(1)
  30   1              {                               
  31   2                      ds1302_read_time();
  32   2                      time_buf[0]=gsmg_code[gDS1302_TIME[2]/16];
  33   2                      time_buf[1]=gsmg_code[gDS1302_TIME[2]&0x0f];
  34   2                      time_buf[2]=0x40;
  35   2                      time_buf[3]=gsmg_code[gDS1302_TIME[1]/16];
  36   2                      time_buf[4]=gsmg_code[gDS1302_TIME[1]&0x0f];
  37   2                      time_buf[5]=0x40;
  38   2                      time_buf[6]=gsmg_code[gDS1302_TIME[0]/16];
  39   2                      time_buf[7]=gsmg_code[gDS1302_TIME[0]&0x0f];
  40   2                      smg_display(time_buf,1);
  41   2              }               
  42   1      }


MODULE INFORMATION:   STATIC OVERLAYABLE
   CODE SIZE        =     88    ----
   CONSTANT SIZE    =   ----    ----
   XDATA SIZE       =   ----    ----
   PDATA SIZE       =   ----    ----
   DATA SIZE        =   ----       8
   IDATA SIZE       =   ----    ----
   BIT SIZE         =   ----    ----
END OF MODULE INFORMATION.


C51 COMPILATION COMPLETE.  0 WARNING(S),  0 ERROR(S)
