C51 COMPILER V9.54   LCD1602                                                               05/21/2024 20:11:37 PAGE 1   


C51 COMPILER V9.54, COMPILATION OF MODULE LCD1602
OBJECT MODULE PLACED IN ..\output\Eight_Multiple_Eight_LED_Matrix\LCD1602.obj
COMPILER INVOKED BY: E:\KeilC51\C51\BIN\C51.EXE ..\bsp\LCD1602A\LCD1602.c OPTIMIZE(8,SPEED) BROWSE INCDIR(..\user;..\bsp
                    -\Eight_Multiple_Eight_LED_Matrix;..\bsp\IIC;..\bsp\timer;..\bsp\LCD1602A;..\bsp\DS1302) DEBUG OBJECTEXTEND PRINT(.\Listi
                    -ngs\LCD1602.lst) OBJECT(..\output\Eight_Multiple_Eight_LED_Matrix\LCD1602.obj)

line level    source

   1          #include "public.h"
   2          
   3          /*******************************************************************************
   4          * 函 数 名       : lcd1602_write_cmd
   5          * 函数功能               : LCD1602写命令
   6          * 输    入       : cmd：指令
   7          * 输    出       : 无
   8          
   9          *******************************************************************************/
  10          void lcd1602_write_cmd(u8 cmd)
  11          {
  12   1              // 可以查询 lcd1602 时序图的 写时序来进行编码
  13   1              LCD1602_RS=0;//选择命令
  14   1              LCD1602_RW=0;//选择写
  15   1              LCD1602_E=0;
  16   1              LCD1602_DATAPORT=cmd;//准备命令
  17   1              delay_10us(100);
  18   1              LCD1602_E=1;//使能脚E先上升沿写入
  19   1              delay_10us(100);
  20   1              LCD1602_E=0;//使能脚E后负跳变完成写入   
  21   1      }
  22          
  23          /*******************************************************************************
  24          * 函 数 名       : lcd1602_write_data
  25          * 函数功能               : LCD1602写数据
  26          * 输    入       : dat：数据
  27          * 输    出       : 无
  28          *******************************************************************************/
  29          
  30          void lcd1602_write_data(u8 dat) 
  31          {
  32   1              LCD1602_RS=1;//选择数据
  33   1              LCD1602_RW=0;//选择写
  34   1              LCD1602_E=0;
  35   1              LCD1602_DATAPORT=dat;//准备数据
  36   1              delay_10us(100);
  37   1              LCD1602_E=1;//使能脚E先上升沿写入
  38   1              delay_10us(100);
  39   1              LCD1602_E=0;//使能脚E后负跳变完成写入           
  40   1      }
  41          
  42          /*******************************************************************************
  43          * 函 数 名       : lcd1602_init
  44          * 函数功能               : LCD1602初始化
  45          * 输    入       : 无
  46          * 输    出       : 无
  47          *******************************************************************************/
  48          
  49          void lcd1602_init()
  50          {
  51   1              lcd1602_write_cmd(0x38);//数据总线8位，显示2行，5*7点阵/字符
  52   1              lcd1602_write_cmd(0x0c);//显示功能开，无光标，光标闪烁
  53   1              lcd1602_write_cmd(0x06);//写入新数据后光标右移，显示屏不移动
C51 COMPILER V9.54   LCD1602                                                               05/21/2024 20:11:37 PAGE 2   

  54   1              lcd1602_write_cmd(0x01);//清屏  
  55   1      }
  56          
  57          /*******************************************************************************
  58          * 函 数 名       : lcd1602_clear
  59          * 函数功能               : LCD1602清屏
  60          * 输    入       : 无
  61          * 输    出       : 无
  62          *******************************************************************************/
  63          void lcd1602_clear()
  64          {
  65   1              lcd1602_write_cmd(0x01);        
  66   1      }
  67          
  68          /*******************************************************************************
  69          * 函 数 名       : lcd1602_show_string
  70          * 函数功能               : LCD1602显示字符
  71          * 输    入       : x,y：显示坐标，x=0~15，y=0~1;
  72                                             str：显示字符串
  73          * 输    出       : 无
  74          *******************************************************************************/
  75          void lcd1602_show_string(u8 x,u8 y,u8 *str)
  76          {
  77   1              u8 i=0;
  78   1      
  79   1              if(y>1||x>15)return;//行列参数不对则强制退出
  80   1      
  81   1              if(y<1) //第1行显示
  82   1              {       
  83   2                      while(*str!='\0')//字符串是以'\0'结尾，只要前面有内容就显示
  84   2                      {
  85   3                              if(i<16-x)//如果字符长度超过第一行显示范围，则在第二行继续显示
  86   3                              {
  87   4                                      lcd1602_write_cmd(0x80+i+x);//第一行显示地址设置        
  88   4                              }
  89   3                              else
  90   3                              {
  91   4                                      lcd1602_write_cmd(0x40+0x80+i+x-16);//第二行显示地址设置        
  92   4                              }
  93   3                              lcd1602_write_data(*str);//显示内容
  94   3                              str++;//指针递增
  95   3                              i++;    
  96   3                      }       
  97   2              }
  98   1              else    //第2行显示
  99   1              {
 100   2                      while(*str!='\0')
 101   2                      {
 102   3                              if(i<16-x) //如果字符长度超过第二行显示范围，则在第一行继续显示
 103   3                              {
 104   4                                      lcd1602_write_cmd(0x80+0x40+i+x);       
 105   4                              }
 106   3                              else
 107   3                              {
 108   4                                      lcd1602_write_cmd(0x80+i+x-16); 
 109   4                              }
 110   3                              lcd1602_write_data(*str);
 111   3                              str++;
 112   3                              i++;    
 113   3                      }       
 114   2              }                               
 115   1      }
C51 COMPILER V9.54   LCD1602                                                               05/21/2024 20:11:37 PAGE 3   



MODULE INFORMATION:   STATIC OVERLAYABLE
   CODE SIZE        =    236    ----
   CONSTANT SIZE    =   ----    ----
   XDATA SIZE       =   ----    ----
   PDATA SIZE       =   ----    ----
   DATA SIZE        =   ----       5
   IDATA SIZE       =   ----    ----
   BIT SIZE         =   ----    ----
END OF MODULE INFORMATION.


C51 COMPILATION COMPLETE.  0 WARNING(S),  0 ERROR(S)
