C51 COMPILER V9.54   MAIN                                                                  05/21/2024 20:11:37 PAGE 1   


C51 COMPILER V9.54, COMPILATION OF MODULE MAIN
OBJECT MODULE PLACED IN ..\output\Eight_Multiple_Eight_LED_Matrix\main.obj
COMPILER INVOKED BY: E:\KeilC51\C51\BIN\C51.EXE ..\user\main.c OPTIMIZE(8,SPEED) BROWSE INCDIR(..\user;..\bsp\Eight_Mult
                    -iple_Eight_LED_Matrix;..\bsp\IIC;..\bsp\timer;..\bsp\LCD1602A;..\bsp\DS1302) DEBUG OBJECTEXTEND PRINT(.\Listings\main.ls
                    -t) OBJECT(..\output\Eight_Multiple_Eight_LED_Matrix\main.obj)

line level    source

   1          #include "public.h"
   2          
   3          void main(){
   4   1              test();
*** WARNING C206 IN LINE 4 OF ..\user\main.c: 'test': missing function-prototype
   5   1              light_the_x_th_led(1);
   6   1              lcd1602_init();//LCD1602初始化
*** WARNING C206 IN LINE 6 OF ..\user\main.c: 'lcd1602_init': missing function-prototype
   7   1              lcd1602_show_string(0,0,"DATE:24-05-21 #23");//第一行显示
*** WARNING C206 IN LINE 7 OF ..\user\main.c: 'lcd1602_show_string': missing function-prototype
*** ERROR C267 IN LINE 7 OF ..\user\main.c: 'lcd1602_show_string': requires ANSI-style prototype
   8   1              lcd1602_show_string(0,1,"TIME:19:03:12");//第二行显示
   9   1              while(1){
  10   2                      
  11   2              }
  12   1      }

C51 COMPILATION COMPLETE.  3 WARNING(S),  1 ERROR(S)
