C51 COMPILER V9.54   MAIN                                                                  05/05/2024 15:55:34 PAGE 1   


C51 COMPILER V9.54, COMPILATION OF MODULE MAIN
OBJECT MODULE PLACED IN .\Objects\main.obj
COMPILER INVOKED BY: E:\KeilC51\C51\BIN\C51.EXE main.c OPTIMIZE(8,SPEED) BROWSE DEBUG OBJECTEXTEND PRINT(.\Listings\main
                    -.lst) OBJECT(.\Objects\main.obj)

line level    source

   1          #include "reg52.h"
   2          
   3          void delay(unsigned int count) {
   4   1          while(count --);
   5   1      }
   6          
   7          // 定义按键和LED连接的引脚, 其中独立按键对应的引脚分别是 1 0 2 3
   8          sbit key1 = P3^1;
   9          sbit key2 = P3^0;
  10          sbit key3 = P3^2;
  11          sbit key4 = P3^3;
  12          
  13          sbit led1 = P2^0;
  14          sbit led2 = P2^1;
  15          sbit led3 = P2^2;
  16          sbit led4 = P2^3;
  17          
  18          void main(){
  19   1              key1 = 1; // 设置为输入模式
  20   1              key2 = 1;
  21   1              key3 = 1;
  22   1              key4 = 1;
  23   1              led1 = 0; // 设置为输出模式
  24   1              led2 = 0;
  25   1              led3 = 0;
  26   1              led4 = 0;
  27   1              while(1) {
  28   2                      // 读取按键状态，按键按下时为0，否则为 1
  29   2                      if(!key1){
  30   3                              delay(1000); // 延时消除按键抖动
  31   3                              while(!key1); // 等待按键释放
  32   3                              led1 = !led1; // 取反，实现LED的亮灭切换
  33   3                      }
  34   2                      
  35   2                      if(!key2){
  36   3                              delay(1000); // 延时消除按键抖动
  37   3                              while(!key2); // 等待按键释放
  38   3                              led2 = !led2; // 取反，实现LED的亮灭切换
  39   3                      }
  40   2                      
  41   2                      if(!key3){
  42   3                              delay(1000); // 延时消除按键抖动
  43   3                              while(!key3); // 等待按键释放
  44   3                              led3 = !led3; // 取反，实现LED的亮灭切换
  45   3                      }
  46   2                      
  47   2                      if(!key4){
  48   3                              delay(1000); // 延时消除按键抖动
  49   3                              while(!key4); // 等待按键释放
  50   3                              led4 = !led4; // 取反，实现LED的亮灭切换
  51   3                      }
  52   2              }
  53   1      }
  54          
C51 COMPILER V9.54   MAIN                                                                  05/05/2024 15:55:34 PAGE 2   



MODULE INFORMATION:   STATIC OVERLAYABLE
   CODE SIZE        =     77    ----
   CONSTANT SIZE    =   ----    ----
   XDATA SIZE       =   ----    ----
   PDATA SIZE       =   ----    ----
   DATA SIZE        =   ----    ----
   IDATA SIZE       =   ----    ----
   BIT SIZE         =   ----    ----
END OF MODULE INFORMATION.


C51 COMPILATION COMPLETE.  0 WARNING(S),  0 ERROR(S)
