C51 COMPILER V9.54   MAIN                                                                  05/05/2024 16:02:28 PAGE 1   


C51 COMPILER V9.54, COMPILATION OF MODULE MAIN
OBJECT MODULE PLACED IN .\Objects\main.obj
COMPILER INVOKED BY: E:\KeilC51\C51\BIN\C51.EXE main.c OPTIMIZE(8,SPEED) BROWSE DEBUG OBJECTEXTEND PRINT(.\Listings\main
                    -.lst) OBJECT(.\Objects\main.obj)

line level    source

   1          /*
   2          1.  一个数码管 8 段，每一段都是一个 LED
   3          2. 数码管是共阴 : 置 1 亮
   4          */
   5          #include "reg52.h"
   6          
   7          typedef unsigned char u8;
   8          typedef unsigned int u16;
   9          
  10          u8 code Array[] = {
  11              // 0 ~ f
  12              0x3F, // 0
  13              0x06, // 1
  14              0x5B, // 2
  15              0x4F, // 3
  16              0x66, // 4
  17              0x6D, // 5
  18              0x7D, // 6
  19              0x07, // 7
  20              0x7F, // 8
  21              0x6F, // 9
  22              0x77, // A
  23              0x7C, // B
  24              0x39, // C
  25              0x5E, // D
  26              0x79, // E
  27              0x71  // F
  28          };
  29          void delay(u16 x){
  30   1              while(x --);
  31   1      }
  32          
  33          void main(){
  34   1              while(1){
  35   2                      u16 i = 0;
  36   2                      for(i = 0; i < 16; i ++){
  37   3                              P0 = Array[i];
  38   3                              delay();
*** WARNING C209 IN LINE 38 OF main.c: '_delay': too few actual parameters
  39   3                      }
  40   2              }
  41   1      
  42   1      }


MODULE INFORMATION:   STATIC OVERLAYABLE
   CODE SIZE        =     58    ----
   CONSTANT SIZE    =     16    ----
   XDATA SIZE       =   ----    ----
   PDATA SIZE       =   ----    ----
   DATA SIZE        =   ----       2
   IDATA SIZE       =   ----    ----
   BIT SIZE         =   ----    ----
END OF MODULE INFORMATION.

C51 COMPILER V9.54   MAIN                                                                  05/05/2024 16:02:28 PAGE 2   


C51 COMPILATION COMPLETE.  1 WARNING(S),  0 ERROR(S)
