C51 COMPILER V9.54   MAIN                                                                  05/06/2024 11:04:33 PAGE 1   


C51 COMPILER V9.54, COMPILATION OF MODULE MAIN
OBJECT MODULE PLACED IN .\Objects\main.obj
COMPILER INVOKED BY: E:\KeilC51\C51\BIN\C51.EXE main.c OPTIMIZE(8,SPEED) BROWSE DEBUG OBJECTEXTEND PRINT(.\Listings\main
                    -.lst) OBJECT(.\Objects\main.obj)

line level    source

   1           // 外部中断 0 1 介绍 : https://blog.csdn.net/m0_56399733/article/details/133904885
   2          #include "reg52.h"
   3          
   4          typedef unsigned int u16;        
   5          typedef unsigned char u8;
   6          
   7          // 统计 K3 按下的次数 , 即 INT0 发生中断的次数 
   8          u16 press_button_k3_cnt = 0;
   9          
  10          // 定义 LED1 和 LED2 管脚
  11          sbit LED1=P2^0;
  12          sbit LED2=P2^1;
  13          
  14          // 定义独立按键 K3 和 K4 控制脚
  15          // 独立按键K3连接的是外部中断0的引脚
  16          sbit KEY3=P3^2;
  17          sbit KEY4=P3^3;
  18          
  19          void delay_10us(u16 ten_us) {
  20   1              while(ten_us--);        
  21   1      }
  22          
  23          // 外部中断 0 配置函数
  24          void exit0_init() {
  25   1              IT0 = 1; // 跳变沿触发方式（下降沿）
  26   1              EX0 = 1; //打开INT0的中断允许
  27   1              EA = 1;  //打开总中断
  28   1      }
  29          // 外部中断 1 配置函数
  30          void exit1_init() {
  31   1              IT1 = 1; //跳变沿触发方式（下降沿）
  32   1              EX1 = 1; //打开INT0的中断允许
  33   1              EA = 1;  //打开总中断
  34   1      }
  35          
  36          // 数码管段选代码
  37          u8 code Array[] = { 
  38              // 0 - f
  39              0x3F, // 0
  40              0x06, // 1
  41              0x5B, // 2
  42              0x4F, // 3
  43              0x66, // 4
  44              0x6D, // 5
  45              0x7D, // 6
  46              0x07, // 7
  47              0x7F, // 8
  48              0x6F, // 9
  49              0x77, // A
  50              0x7C, // B
  51              0x39, // C
  52              0x5E, // D
  53              0x79, // E
  54              0x71  // F
C51 COMPILER V9.54   MAIN                                                                  05/06/2024 11:04:33 PAGE 2   

  55          };
  56          
  57          sbit pin0 = P2 ^ 2;
  58          sbit pin1 = P2 ^ 3;
  59          sbit pin2 = P2 ^ 4;
  60          
  61          void main() {   
  62   1              exit0_init(); //外部中断0配置
  63   1              exit1_init(); //外部中断1配置
  64   1              pin0 = 1;
  65   1              pin1 = 1;
  66   1              pin2 = 1;
  67   1              while(1) {
  68   2                      P0 = Array[press_button_k3_cnt]; // 第一个数码管显示按键次数
  69   2                      delay_10us(100); //防止段码清零过快导致显示的数字亮度较低
  70   2                      P0 = 0x00; //消影 段码清零
  71   2              }                
  72   1      }
  73          
  74          void exit0() interrupt 0 //外部中断 0 中断函数
  75          {
  76   1              delay_10us(1000); // 消抖
  77   1              if(KEY3 == 0){ // 再次判断K3键是否按下
  78   2                      while(!KEY3); // 等待按键松开
  79   2                      press_button_k3_cnt ++;
  80   2                      if(press_button_k3_cnt == 10){
  81   3                              press_button_k3_cnt = 0;        
  82   3                      }
  83   2                      LED1 =! LED1; //LED1状态翻转
  84   2              }                       
  85   1      }
  86          void exit1() interrupt 2 //外部中断 1 中断函数
  87          {
  88   1              delay_10us(1000); //消抖
  89   1              if(KEY4 == 0){ //再次判断 K4 键是否按下
  90   2                      while(!KEY4);
  91   2                      LED2 =! LED2; //LED2状态翻转
  92   2              }                       
  93   1      }


MODULE INFORMATION:   STATIC OVERLAYABLE
   CODE SIZE        =    161    ----
   CONSTANT SIZE    =     16    ----
   XDATA SIZE       =   ----    ----
   PDATA SIZE       =   ----    ----
   DATA SIZE        =      2    ----
   IDATA SIZE       =   ----    ----
   BIT SIZE         =   ----    ----
END OF MODULE INFORMATION.


C51 COMPILATION COMPLETE.  0 WARNING(S),  0 ERROR(S)
