C51 COMPILER V9.54   MAIN                                                                  05/13/2024 16:55:12 PAGE 1   


C51 COMPILER V9.54, COMPILATION OF MODULE MAIN
OBJECT MODULE PLACED IN .\Obj\main.obj
COMPILER INVOKED BY: E:\KeilC51\C51\BIN\C51.EXE User\main.c OPTIMIZE(8,SPEED) BROWSE INCDIR(.\App\24c02;.\App\iic;.\App\
                    -key;.\App\smg;.\Public) DEBUG OBJECTEXTEND PRINT(.\Obj\main.lst) OBJECT(.\Obj\main.obj)

line level    source

   1          /**************************************************************************************
   2          深圳市普中科技有限公司（PRECHIN 普中）
   3          技术支持：www.prechin.net
   4          PRECHIN
   5           普中
   6          
   7          实验名称：I2C-EEPROM实验
   8          接线说明：      
   9          实验现象：下载程序后，数码管右4位显示0，按K1键将数据写入到EEPROM内保存，
  10                            按K2键读取EEPROM内保存的数据，按K3键显示数据加1，按K4键显示数据清零，
  11                            最大能写入的数据是255。
  12          注意事项：                                                                                                                                                                
  13          ***************************************************************************************/
  14          #include "public.h"
  15          #include "24c02.h"
  16          #include "key.h"
  17          #include "smg.h"
  18          
  19          
  20          #define EEPROM_ADDRESS  0       //定义数据存入EEPROM的起始地址
  21          
  22          /*******************************************************************************
  23          * 函 数 名       : main
  24          * 函数功能               : 主函数
  25          * 输    入       : 无
  26          * 输    出       : 无
  27          *******************************************************************************/
  28          void main()
  29          {       
  30   1              u8 key_temp=0;
  31   1              u8 save_value=0;
  32   1              u8 save_buf[3];
  33   1      
  34   1              while(1)
  35   1              {                       
  36   2                      key_temp=key_scan(0);
  37   2                      if(key_temp==KEY1_PRESS)
  38   2                      {
  39   3                              at24c02_write_one_byte(EEPROM_ADDRESS,save_value);
  40   3                      }
  41   2                      else if(key_temp==KEY2_PRESS)
  42   2                      {
  43   3                              save_value=at24c02_read_one_byte(EEPROM_ADDRESS);
  44   3                      }
  45   2                      else if(key_temp==KEY3_PRESS)
  46   2                      {
  47   3                              save_value++;
  48   3                              if(save_value==255)save_value=255;
  49   3                      }
  50   2                      else if(key_temp==KEY4_PRESS)
  51   2                      {
  52   3                              save_value=0;   
  53   3                      }
  54   2                      save_buf[0]=save_value/100;
C51 COMPILER V9.54   MAIN                                                                  05/13/2024 16:55:12 PAGE 2   

  55   2                      save_buf[1]=save_value%100/10;
  56   2                      save_buf[2]=save_value%100%10;
  57   2                      smg_display(save_buf,6);
  58   2              }               
  59   1      }


MODULE INFORMATION:   STATIC OVERLAYABLE
   CODE SIZE        =    109    ----
   CONSTANT SIZE    =   ----    ----
   XDATA SIZE       =   ----    ----
   PDATA SIZE       =   ----    ----
   DATA SIZE        =   ----       5
   IDATA SIZE       =   ----    ----
   BIT SIZE         =   ----    ----
END OF MODULE INFORMATION.


C51 COMPILATION COMPLETE.  0 WARNING(S),  0 ERROR(S)
