C51 COMPILER V9.54   MAIN                                                                  05/05/2024 16:16:04 PAGE 1   


C51 COMPILER V9.54, COMPILATION OF MODULE MAIN
OBJECT MODULE PLACED IN .\Objects\main.obj
COMPILER INVOKED BY: E:\KeilC51\C51\BIN\C51.EXE main.c OPTIMIZE(8,SPEED) BROWSE DEBUG OBJECTEXTEND PRINT(.\Listings\main
                    -.lst) OBJECT(.\Objects\main.obj)

line level    source

   1          #include "reg52.h"
   2          sbit k1 = P3 ^ 1;
   3          sbit k2 = P3 ^ 0;
   4          sbit k3 = P3 ^ 2;
   5          sbit k4 = P3 ^ 3;
   6          
   7          typedef unsigned char u8;
   8          typedef unsigned int u16;
   9          
  10          u8 code Array[] = {
  11              // 0 ~ f
  12              0x3F, // 0
  13              0x06, // 1
  14              0x5B, // 2
  15              0x4F, // 3
  16              0x66, // 4
  17              0x6D, // 5
  18              0x7D, // 6
  19              0x07, // 7
  20              0x7F, // 8
  21              0x6F, // 9
  22              0x77, // A
  23              0x7C, // B
  24              0x39, // C
  25              0x5E, // D
  26              0x79, // E
  27              0x71  // F
  28          };
  29          
  30          void delay(u16 x) {
  31   1              while(x --);
  32   1      }
  33          
  34          void main() {
  35   1              while(1) {
  36   2                      if(!k1 || !k2 || !k3 || !k4) {
  37   3                              if(k1 == 0) {
  38   4                                      delay(1000);
  39   4                                      while(!k1);
  40   4                                      P0 = Array[1];
  41   4                                      delay(500 * 100);
  42   4                              } else if(k2 == 0) {
  43   4                                      delay(1000);
  44   4                                      while(!k2);
  45   4                                      P0 = Array[4];
  46   4                                      delay(500 * 100);
  47   4                              } else if(k3 == 0) {
  48   4                                      delay(1000);
  49   4                                      while(!k3);
  50   4                                      P0 = Array[7];
  51   4                                      delay(500 * 100);
  52   4                              } else {
  53   4                                      delay(1000);
  54   4                                      while(!k4);
C51 COMPILER V9.54   MAIN                                                                  05/05/2024 16:16:04 PAGE 2   

  55   4                                      P0 = Array[9];
  56   4                                      delay(500 * 100);
  57   4                              }
  58   3                      }
  59   2                      else{
  60   3                              P0 = 0x00;
  61   3                      }
  62   2              }
  63   1      }
  64          
  65           


MODULE INFORMATION:   STATIC OVERLAYABLE
   CODE SIZE        =     96    ----
   CONSTANT SIZE    =     16    ----
   XDATA SIZE       =   ----    ----
   PDATA SIZE       =   ----    ----
   DATA SIZE        =   ----    ----
   IDATA SIZE       =   ----    ----
   BIT SIZE         =   ----    ----
END OF MODULE INFORMATION.


C51 COMPILATION COMPLETE.  0 WARNING(S),  0 ERROR(S)
