C51 COMPILER V9.01   24C02                                                                 05/11/2024 15:40:09 PAGE 1   


C51 COMPILER V9.01, COMPILATION OF MODULE 24C02
OBJECT MODULE PLACED IN ..\output\24c02.obj
COMPILER INVOKED BY: C:\Keil\C51\BIN\C51.EXE ..\bsp\24c02\24c02.c BROWSE INCDIR(..\bsp;..\public;..\bsp\led;..\bsp\key;.
                    -.\bsp\smg;..\bsp\step_motor;..\bsp\iic;..\bsp\24c02;..\bsp\lcd1602;..\bsp\timer) DEBUG OBJECTEXTEND PRINT(.\24c02.lst) O
                    -BJECT(..\output\24c02.obj)

line level    source

   1          #include "public.h"
   2          
   3          /************************************************
   4          实验现象：      下载程序后，数码管右4位显示0，
   5                                  按K1键：写――将数据写入到EEPROM内保存，
   6                                  按K2键：读――读取EEPROM内保存的数据，
   7                                  按K3键显示数据加1，
   8                                  按K4键显示数据清零，
   9                                  最大能写入的数据是255。
  10          注意事项：                                                                                                                                                                
  11          *************************************************/
  12          
  13          /*******************************************************************************
  14          函 数 名: at24c02_write_one_byte
  15          函数功能: 在AT24CXX指定地址写入一个数据
  16          输    入:       addr:写入数据的目的地址 
  17                                  dat:要写入的数据
  18          输    出: 无
  19          *******************************************************************************/
  20          void at24c02_write_one_byte(u8 addr,u8 dat)
  21          {                                                                                                                                                                                
  22   1              iic_start(); 
  23   1              //第1步：发送写命令，1001,000,0         
  24   1              iic_write_byte(0XA0);             
  25   1              iic_wait_ack();
  26   1              //第2步：发送写地址 
  27   1          iic_write_byte(addr);         
  28   1              iic_wait_ack(); 
  29   1              //第3步：发送数据字节
  30   1              iic_write_byte(dat);                                                               
  31   1              iic_wait_ack(); 
  32   1              //最后：产生一个停止条件
  33   1              iic_stop();     
  34   1              //延时10ms                      
  35   1              delay_10us(1000);        
  36   1      }
  37          
  38          /*******************************************************************************
  39          * 函 数 名         : at24c02_read_one_byte
  40          * 函数功能                 : 在AT24CXX指定地址读出一个数据
  41          * 输    入         : addr:开始读数的地址 
  42          * 输    出         : 读到的数据
  43          *******************************************************************************/
  44          u8 at24c02_read_one_byte(u8 addr)
  45          {                                 
  46   1              u8 temp=0;                                                                                                                                                       
  47   1              iic_start(); 
  48   1              //第1步：发送写命令，1001,000,0
  49   1              iic_write_byte(0XA0);              
  50   1              iic_wait_ack(); 
  51   1              //第2步：发送写地址
  52   1              iic_write_byte(addr);     
  53   1              iic_wait_ack(); 
C51 COMPILER V9.01   24C02                                                                 05/11/2024 15:40:09 PAGE 2   

  54   1              //第3步：重新开始
  55   1              iic_start(); 
  56   1              //第4步：进入接收模式，1001,000,1
  57   1              iic_write_byte(0XA1);                                      
  58   1              iic_wait_ack();  
  59   1              //第5步：接收数据，同时发送非应答信号
  60   1              temp=iic_read_byte(1);  
  61   1              //最后：产生一个停止条件        
  62   1              iic_stop();
  63   1              //返回读取的数据        
  64   1              return temp;                    
  65   1      }
  66          


MODULE INFORMATION:   STATIC OVERLAYABLE
   CODE SIZE        =     89    ----
   CONSTANT SIZE    =   ----    ----
   XDATA SIZE       =   ----    ----
   PDATA SIZE       =   ----    ----
   DATA SIZE        =   ----       4
   IDATA SIZE       =   ----    ----
   BIT SIZE         =   ----    ----
END OF MODULE INFORMATION.


C51 COMPILATION COMPLETE.  0 WARNING(S),  0 ERROR(S)
