C51 COMPILER V9.01   IIC                                                                   05/11/2024 15:40:09 PAGE 1   


C51 COMPILER V9.01, COMPILATION OF MODULE IIC
OBJECT MODULE PLACED IN ..\output\iic.obj
COMPILER INVOKED BY: C:\Keil\C51\BIN\C51.EXE ..\bsp\iic\iic.c BROWSE INCDIR(..\bsp;..\public;..\bsp\led;..\bsp\key;..\bs
                    -p\smg;..\bsp\step_motor;..\bsp\iic;..\bsp\24c02;..\bsp\lcd1602;..\bsp\timer) DEBUG OBJECTEXTEND PRINT(.\iic.lst) OBJECT(
                    -..\output\iic.obj)

line level    source

   1          #include "public.h"
   2          
   3          /*******************************************************************************
   4          * 函 数 名: iic_start
   5          * 函数功能: （主机）产生IIC起始信号：当SCL为高电平时，SDA由高变为低
   6          * 输    入: 无
   7          * 输    出: 无
   8          *******************************************************************************/
   9          void iic_start(void)
  10          {
  11   1              //如果把该条语句放在SCL后面，第二次读写会出现问题
  12   1              //空闲状态时，SCL=1和SDA=1，都是高电平
  13   1              IIC_SDA=1;
  14   1              IIC_SCL=1;
  15   1              delay_10us(1);
  16   1              
  17   1              //start条件：当SCL为高电平时，SDA由高变为低
  18   1              IIC_SDA=0;      
  19   1              delay_10us(1);
  20   1              
  21   1              //SCL=0：表示占用I2C总线，准备发送或接收数据
  22   1              //SCL=1：表示空闲I2C总线/保持SDA上的数据
  23   1              IIC_SCL=0;
  24   1              delay_10us(1);
  25   1      }
  26          
  27          /*******************************************************************************
  28          * 函 数 名: iic_stop
  29          * 函数功能: （主机）产生IIC停止信号：当SCL为高电平时，SDA由低变为高   
  30          * 输    入: 无
  31          * 输    出: 无
  32          *******************************************************************************/
  33          void iic_stop(void)
  34          {       
  35   1              //如果把该条语句放在SCL后面，第二次读写会出现问题
  36   1              IIC_SDA=0;
  37   1              IIC_SCL=1;
  38   1              delay_10us(1);
  39   1              
  40   1              //stop条件:当SCL为高电平时，SDA由低变为高
  41   1              IIC_SDA=1;
  42   1              IIC_SCL=1;      
  43   1              delay_10us(1);
  44   1              
  45   1              //当前：SCL=1和SDA=1，I2C总线处于空闲状态
  46   1      }
  47          
  48          /*******************************************************************************
  49          * 函 数 名: iic_ack
  50          * 函数功能: （接收器）产生ACK应答，只有当单片机机是接收器时才有用  
  51          * 输    入: 无
  52          * 输    出: 无
  53          *******************************************************************************/
C51 COMPILER V9.01   IIC                                                                   05/11/2024 15:40:09 PAGE 2   

  54          void iic_ack(void)
  55          {
  56   1              
  57   1              IIC_SCL=0;                      //SCL=0时，可以更改SDA，在这个时刻改变SDA
  58   1              
  59   1              IIC_SDA=0;                      //SDA为低电平，为标准ACK应答信号        
  60   1              delay_10us(1);
  61   1              
  62   1        IIC_SCL=1;                    //SCL=1时，保持SDA信号
  63   1              delay_10us(1);
  64   1              
  65   1              //SCL=0：表示占用I2C总线，准备发送或接收数据
  66   1              //SCL=1：表示空闲I2C总线/保持SDA上的数据
  67   1              IIC_SCL=0;
  68   1      }
  69          
  70          /*******************************************************************************
  71          * 函 数 名: iic_nack
  72          * 函数功能: （接收器）产生NACK非应答,（接收器）产生ACK应答，只有当单片机机是接收器时才有用  
  73          * 输    入: 无
  74          * 输    出: 无
  75          *******************************************************************************/
  76          void iic_nack(void)
  77          {       
  78   1              IIC_SCL=0;                      //SCL=0时，可以更改SDA，在这个时刻改变SDA
  79   1              
  80   1              IIC_SDA=1;                      //SDA为高电平，为NACK应答信号
  81   1              delay_10us(1);
  82   1              
  83   1        IIC_SCL=1;                    //SCL=1时，保持SDA信号
  84   1              delay_10us(1);
  85   1              
  86   1              //SCL=0：表示占用I2C总线，准备发送或接收数据
  87   1              //SCL=1：表示空闲I2C总线/保持SDA上的数据
  88   1              IIC_SCL=0;      
  89   1      }
  90          
  91          /*******************************************************************************
  92          * 函 数 名: iic_wait_ack
  93          * 函数功能: 等待应答信号到来   
  94          * 输    入: 无
  95          * 输    出: 1，接收应答失败，接收到NACK信号
  96                                  0，接收应答成功，接收到ACK信号
  97          *******************************************************************************/
  98          u8 iic_wait_ack(void)
  99          {
 100   1              u8 time_temp=0;
 101   1              
 102   1              IIC_SCL=1;                                      //SCL=1时，保持SDA信号
 103   1              delay_10us(1);
 104   1              
 105   1              while(IIC_SDA)                  //等待SDA为低电平       
 106   1              {
 107   2                      time_temp++;            
 108   2                      if(time_temp>100)       //超时则强制结束IIC通信
 109   2                      {                               
 110   3                              iic_stop();                     //停止本次I2C通信
 111   3                              return 1;       
 112   3                      }                       
 113   2              }
 114   1              //此时，已经检测到ASK信号，即：SDA=0；
 115   1              //SCL=0：表示占用I2C总线，准备发送或接收数据
C51 COMPILER V9.01   IIC                                                                   05/11/2024 15:40:09 PAGE 3   

 116   1              //SCL=1：表示空闲I2C总线/保持SDA上的数据
 117   1              IIC_SCL=0;
 118   1              return 0;       
 119   1      }
 120          
 121          /*******************************************************************************
 122          * 函 数 名: iic_write_byte
 123          * 函数功能: IIC发送一个字节，（先发送最高位） 
 124                                                          当SCL=0时，发送器改变SDA信号
 125                                                          当SCL=1时，必须保持SDA信号不变
 126          * 输    入: dat：发送一个字节（数据/地址）
 127          * 输    出: 无
 128          *******************************************************************************/
 129          void iic_write_byte(u8 dat)
 130          {                        
 131   1          u8 i=0; 
 132   1              
 133   1          IIC_SCL=0;                          //SCL=0时，可以更改SDA，在这个时刻改变SDA       
 134   1              
 135   1          for(i=0;i<8;i++)    //循环8次将一个字节传出，先传高位，再传低位
 136   1          {              
 137   2              if((dat&0x80)>0)                        
 138   2                                              IIC_SDA=1;      //发送1
 139   2                                      else                    
 140   2                                              IIC_SDA=0;      //发送0
 141   2                                      
 142   2                                      dat<<=1;                        //dat左移1位 
 143   2                                      delay_10us(1);
 144   2                                      
 145   2                                      IIC_SCL=1;              //保持SDA数据不变，
 146   2                                      delay_10us(1);
 147   2                                      
 148   2                                      //拉低SCL=0，等待下一次发送数据 
 149   2                                      //SCL=0：表示占用I2C总线，准备发送或接收数据
 150   2                                      //SCL=1：表示空闲I2C总线                
 151   2                                      IIC_SCL=0;      
 152   2                                      delay_10us(1);
 153   2          }    
 154   1      }
 155          /*******************************************************************************
 156          * 函 数 名: iic_read_byte
 157          * 函数功能: IIC读一个字节 
 158          * 输    入: 
 159                                          dat=1时，发送nACK ，
 160                                          dat=0时，发送ACK，
 161          * 输    出: u8 receive(读取到的字节)
 162                                                  （注意：读取成功后，接收器-主机发送非应答信号:nACK=1）
 163          *******************************************************************************/
 164          u8 iic_read_byte(u8 dat)
 165          {
 166   1              u8 i=0,receive=0; 
 167   1                      
 168   1              for(i=0;i<8;i++ )                       //循环8次将一个字节读出，先读高再传低位 
 169   1              {
 170   2                      //SCL=0时，可以更改SDA  
 171   2              IIC_SCL=0; 
 172   2              delay_10us(1);
 173   2                      
 174   2                      //保持SDA数据不变，
 175   2                      IIC_SCL=1;
 176   2              receive<<=1;
 177   2                      
C51 COMPILER V9.01   IIC                                                                   05/11/2024 15:40:09 PAGE 4   

 178   2              if(IIC_SDA)
 179   2                              receive++;   
 180   2                      delay_10us(1); 
 181   2              }                                        
 182   1          if (dat)
 183   1              iic_nack();
 184   1          else
 185   1              iic_ack();  
 186   1                                        
 187   1          return receive;
 188   1      }


MODULE INFORMATION:   STATIC OVERLAYABLE
   CODE SIZE        =    258    ----
   CONSTANT SIZE    =   ----    ----
   XDATA SIZE       =   ----    ----
   PDATA SIZE       =   ----    ----
   DATA SIZE        =   ----       6
   IDATA SIZE       =   ----    ----
   BIT SIZE         =   ----    ----
END OF MODULE INFORMATION.


C51 COMPILATION COMPLETE.  0 WARNING(S),  0 ERROR(S)
