C51 COMPILER V9.01   KEY                                                                   05/11/2024 15:40:08 PAGE 1   


C51 COMPILER V9.01, COMPILATION OF MODULE KEY
OBJECT MODULE PLACED IN ..\output\key.obj
COMPILER INVOKED BY: C:\Keil\C51\BIN\C51.EXE ..\bsp\key\key.c BROWSE INCDIR(..\bsp;..\public;..\bsp\led;..\bsp\key;..\bs
                    -p\smg;..\bsp\step_motor;..\bsp\iic;..\bsp\24c02;..\bsp\lcd1602;..\bsp\timer) DEBUG OBJECTEXTEND PRINT(.\key.lst) OBJECT(
                    -..\output\key.obj)

line level    source

   1          #include "public.h"
   2          
   3          /*******************************************************************************
   4          * 函 数 名       : key_scan
   5          * 函数功能               : 检测独立按键是否按下，按下则返回对应键值
   6          * 输    入       : 无
   7          * 输    出       : u8
   8          *******************************************************************************/
   9          u8 key_scan()
  10          {
  11   1              //第1步：第1次检测：K1,K2,K3,K4是否按下
  12   1              if(KEY_K1==0||KEY_K2==0||KEY_K3==0||KEY_K4==0)
  13   1              {
  14   2                      //第2步：软件去抖动：延时10ms=10×100*10us
  15   2                      delay_10us(1000);
  16   2                      //第3步：第2次检测：K1是否按下
  17   2                      if(KEY_K1==0)
  18   2                      {
  19   3                              //第4步：等待K1按键松开,完成1次完整的按键操作
  20   3                              while(KEY_K1==0);
  21   3                              return KEY1_PRESS;
  22   3                      }
  23   2                      else if(KEY_K2==0)
  24   2                      {
  25   3                              //等待K2按键松开,完成2次完整的按键操作
  26   3                              while(KEY_K2==0);
  27   3                              return KEY2_PRESS;
  28   3                      }
  29   2                      else if(KEY_K3==0)
  30   2                      {
  31   3                              //等待K3按键松开,完成1次完整的按键操作
  32   3                              while(KEY_K3==0);
  33   3                              return KEY3_PRESS;
  34   3                      }
  35   2                      else if(KEY_K4==0)
  36   2                      {
  37   3                              //等待K4按键松开,完成1次完整的按键操作
  38   3                              while(KEY_K4==0);
  39   3                              return KEY4_PRESS;
  40   3                      }               
  41   2              }
  42   1              else
  43   1                      return KEY_UNPRESS;     
  44   1      }
  45          
*** WARNING C291 IN LINE 44 OF ..\BSP\KEY\KEY.C: not every exit path returns a value


MODULE INFORMATION:   STATIC OVERLAYABLE
   CODE SIZE        =     58    ----
   CONSTANT SIZE    =   ----    ----
   XDATA SIZE       =   ----    ----
   PDATA SIZE       =   ----    ----
C51 COMPILER V9.01   KEY                                                                   05/11/2024 15:40:08 PAGE 2   

   DATA SIZE        =   ----    ----
   IDATA SIZE       =   ----    ----
   BIT SIZE         =   ----    ----
END OF MODULE INFORMATION.


C51 COMPILATION COMPLETE.  1 WARNING(S),  0 ERROR(S)
