C51 COMPILER V9.01   LCD1602                                                               05/11/2024 15:40:09 PAGE 1   


C51 COMPILER V9.01, COMPILATION OF MODULE LCD1602
OBJECT MODULE PLACED IN ..\output\lcd1602.obj
COMPILER INVOKED BY: C:\Keil\C51\BIN\C51.EXE ..\bsp\lcd1602\lcd1602.c BROWSE INCDIR(..\bsp;..\public;..\bsp\led;..\bsp\k
                    -ey;..\bsp\smg;..\bsp\step_motor;..\bsp\iic;..\bsp\24c02;..\bsp\lcd1602;..\bsp\timer) DEBUG OBJECTEXTEND PRINT(.\lcd1602.
                    -lst) OBJECT(..\output\lcd1602.obj)

line level    source

   1          #include "public.h"
   2          
   3          u8 code lcd1602_table[]="22-51-CLASS" ;
   4          /**************************************************
   5          函数名称：void lcd1602_busy_test()
   6          函数功能：LCD1602是否BUSY检测
   7          输入：
   8                  DB7: 
   9                          1 :表示“忙”
  10                          0 :表示“闲”
  11          输出：void
  12          **************************************************/
  13          void lcd1602_busy_test()
  14          {
  15   1              //开始准备数据
  16   1              LCD1602_DATA_PORT=0xFF;
  17   1              //命令
  18   1              LCD1602_RS=0;
  19   1              //读操作
  20   1              LCD1602_RW=1;
  21   1      
  22   1              //
  23   1              LCD1602_E=1;
  24   1              while(LCD1602_DATA_PORT&0x80);
  25   1              LCD1602_E=0;
  26   1              
  27   1      }
  28          
  29          /**************************************************
  30          函数名称：void lcd1602_write_cmd(u8 cmd)
  31          函数功能：向LCD1602写入命令
  32          输入：u8 cmd
  33          输出：void
  34          **************************************************/
  35          void lcd1602_write_cmd(u8 cmd)
  36          {
  37   1              //命令
  38   1              LCD1602_RS=0;
  39   1              //写操作
  40   1              LCD1602_RW=0;
  41   1              //E为低电平，准备产生上升沿
  42   1              LCD1602_E=0;
  43   1              //开始准备数据
  44   1              LCD1602_DATA_PORT=cmd;
  45   1              //延时1ms
  46   1              //等待数据准备好
  47   1              delay_10us(100);
  48   1      
  49   1              //产生上升沿
  50   1              //开始数据传输
  51   1              LCD1602_E=1;
  52   1              //延时1ms
  53   1              //等待数据传输完成
C51 COMPILER V9.01   LCD1602                                                               05/11/2024 15:40:09 PAGE 2   

  54   1              delay_10us(100);
  55   1      
  56   1              //产生下降沿
  57   1              //结束数据传输
  58   1              LCD1602_E=0;
  59   1      
  60   1      }
  61          /**************************************************
  62          函数名称：void lcd1602_write_data(u8 dat)
  63          函数功能：向LCD1602写入命令
  64          输入：u8 dat
  65          输出：void
  66          **************************************************/
  67          void lcd1602_write_data(u8 dat)
  68          {
  69   1              //数据
  70   1              LCD1602_RS=1;
  71   1              //写操作
  72   1              LCD1602_RW=0;
  73   1              //E为低电平，产生上手沿后，开始向LCD上面的操作
  74   1              LCD1602_E=0;
  75   1              //开始准备数据
  76   1              LCD1602_DATA_PORT=dat;
  77   1              //延时1ms
  78   1              //等待数据准备好
  79   1              delay_10us(100);
  80   1      
  81   1              //产生上升沿
  82   1              //开始数据传输
  83   1              LCD1602_E=1;
  84   1              //延时1ms
  85   1              //等待数据传输完成
  86   1              delay_10us(100);
  87   1      
  88   1              //产生下降沿
  89   1              //结束数据传输
  90   1              LCD1602_E=0;
  91   1      }
  92          
  93          /**************************************************
  94          函数名称：void lcd1602_init()
  95          函数功能：向LCD1602写入命令
  96          输入：u8 cmd
  97          输出：void
  98          **************************************************/
  99          void lcd1602_init()
 100          {
 101   1              //“0x38”命令表示数据总线为8位，显示两行，每个字符是5*7点阵;
 102   1              lcd1602_write_cmd(0x38);
 103   1              //“0x0C”命令表示开显示，关闭光标;
 104   1              lcd1602_write_cmd(0x0C);
 105   1              //'0x06”命令表示写字符后地址自动+1;
 106   1              lcd1602_write_cmd(0x06);
 107   1              //“0x01”命令表示清屏；
 108   1              lcd1602_write_cmd(0x01);
 109   1      }
 110          
 111          /**************************************************
 112          函数名称：void lcd1602_clear(void)
 113          函数功能：向LCD1602写入命令
 114          输入：u8 cmd
 115          输出：void
C51 COMPILER V9.01   LCD1602                                                               05/11/2024 15:40:09 PAGE 3   

 116          **************************************************/
 117          void lcd1602_clear(void)
 118          {
 119   1              lcd1602_write_cmd(0x01);        
 120   1      }
 121          /**************************************************
 122          函数名称：void lcd1602_show_data(u8 x,u8 y,u8 dat)
 123          函数功能：向LCD1602(x,y)写入字符串*str，并显示
 124          输入：
 125                  u8 x（0~15）；
 126                  u8 y（0~1）；
 127                  u8 data:LCD只能显示ASCII码，必须为字符
 128                  例如：  数字 '0'~'9'
 129                                  字母 ‘a’~'Z'
 130                                  符号 '>'
 131          输出：void
 132          **************************************************/
 133          void lcd1602_show_data(u8 x,u8 y,u8 dat)
 134          {
 135   1              u8 addr;
 136   1              //参数有效检测
 137   1              if(x>15||y>1)
 138   1                      return;
 139   1      
 140   1              //第1行
 141   1              if(y==0)
 142   1              {
 143   2                      addr=0x00+x;
 144   2              }
 145   1              //第2行
 146   1              else
 147   1              {
 148   2                      addr=0x40+x;            
 149   2              }
 150   1              lcd1602_write_cmd(addr|0x80);
 151   1              lcd1602_write_data(dat);          
 152   1      }
 153          /**************************************************
 154          函数名称：void lcd1602_show_string(u8 x,u8 y,u8 *str)
 155          函数功能：向LCD1602(x,y)写入字符串*str，并显示
 156          输入：
 157                  u8 x（0~15）；
 158                  u8 y（0~1）；
 159                  u8 *str
 160          输出：void
 161          **************************************************/
 162          void lcd1602_show_string(u8 x,u8 y,u8 *str)
 163          {
 164   1              u8 addr=0;
 165   1              //参数有效检测
 166   1              if(x>15||y>1)
 167   1                      return;
 168   1      
 169   1              //第1行
 170   1              if(y==0)
 171   1              {
 172   2                      addr=0x00+x;
 173   2              }
 174   1              //第2行
 175   1              else
 176   1              {
 177   2                      addr=0x40+x;            
C51 COMPILER V9.01   LCD1602                                                               05/11/2024 15:40:09 PAGE 4   

 178   2              }
 179   1              lcd1602_write_cmd(addr|0x80);
 180   1              while(*str!='\0')
 181   1              {
 182   2                      lcd1602_write_data(*str);
 183   2                      str++;          
 184   2              }
 185   1      }


MODULE INFORMATION:   STATIC OVERLAYABLE
   CODE SIZE        =    199    ----
   CONSTANT SIZE    =     12    ----
   XDATA SIZE       =   ----    ----
   PDATA SIZE       =   ----    ----
   DATA SIZE        =   ----       5
   IDATA SIZE       =   ----    ----
   BIT SIZE         =   ----    ----
END OF MODULE INFORMATION.


C51 COMPILATION COMPLETE.  0 WARNING(S),  0 ERROR(S)
