C51 COMPILER V9.01   MAIN                                                                  05/12/2024 19:34:01 PAGE 1   


C51 COMPILER V9.01, COMPILATION OF MODULE MAIN
OBJECT MODULE PLACED IN ..\output\main.obj
COMPILER INVOKED BY: C:\Keil\C51\BIN\C51.EXE ..\user\main.c BROWSE INCDIR(..\bsp;..\public;..\bsp\led;..\bsp\key;..\bsp\
                    -smg;..\bsp\step_motor;..\bsp\iic;..\bsp\24c02;..\bsp\lcd1602;..\bsp\timer) DEBUG OBJECTEXTEND PRINT(.\main.lst) OBJECT(.
                    -.\output\main.obj)

line level    source

   1          //main.c中只需要包含共同头文件即可
   2          #include "public.h"
   3          
   4          u16 ms_trigger_count=0;
   5          u8 save_value=0;
   6          u8 save_buf[3]=0;
   7          
   8          void main()
   9          {
  10   1              //EEPROM应用
  11   1              u8 key_value=0;
  12   1      
  13   1              //STEP_MOTOR应用
  14   1              //默认逆时针方向:步进电机转动方向
  15   1              u8 dir=0;
  16   1              u8 step=0;
  17   1      
  18   1              leds_show_init();
  19   1              lcd1602_init();
  20   1              //初始化定时器0，定时时间1ms
  21   1              time1_1ms_init();
*** WARNING C206 IN LINE 21 OF ..\USER\MAIN.C: 'time1_1ms_init': missing function-prototype
  22   1      
  23   1      
  24   1              //smg_1_2_display(5,0);
  25   1              /*
  26   1              lcd1602_show_data(0,0,'9');
  27   1              lcd1602_show_data(2,0,'a');
  28   1              lcd1602_show_data(15,0,'>');
  29   1              lcd1602_show_string(0,1,lcd1602_table);
  30   1              */
  31   1      
  32   1              while(1)
  33   1              {       
  34   2                      //smg_1_2_refresh();    
  35   2                      smg_1_2_display(5,save_buf[0]);
  36   2                      smg_1_2_refresh();
  37   2                      smg_1_2_display(6,save_buf[1]);
  38   2                      smg_1_2_refresh();
  39   2                      smg_1_2_display(7,save_buf[2]);
  40   2                      smg_1_2_refresh();
  41   2                      save_buf[0]=save_value/100;
  42   2                      save_buf[1]=save_value%100/10;
  43   2                      save_buf[2]=save_value%100%10;
  44   2                      
  45   2                      //======================
  46   2                      key_value=key_scan();
  47   2                      //save_value+1
  48   2                      if(key_value==KEY1_PRESS)
  49   2                      {
  50   3                              save_value++;
  51   3                              if(save_value==255)
  52   3                              {
C51 COMPILER V9.01   MAIN                                                                  05/12/2024 19:34:01 PAGE 2   

  53   4                                      save_value=0;
  54   4                              }
  55   3                      }
  56   2                      //save_value清零
  57   2                      else if(key_value==KEY2_PRESS)
  58   2                      {
  59   3                              save_value=0;   
  60   3                      }
  61   2                      //K3――写入EEPROM
  62   2                      else if(key_value==KEY3_PRESS)
  63   2                      {
  64   3                              at24c02_write_one_byte(EEPROM_ADDRESS,save_value);
  65   3                      }
  66   2                      //K4――读出EEPROM
  67   2                      else if(key_value==KEY4_PRESS)
  68   2                      {
  69   3                              save_value=at24c02_read_one_byte(EEPROM_ADDRESS);
  70   3                      }       
  71   2      
  72   2              }
  73   1      }
  74          
  75          /*（步进电机）
  76                  
  77                          step_motor_8_beat_send_pulse(dir,step++);
  78                          if(step==8)step=0;
  79                          step_motor_4_beat_send_pulse(dir,step++);
  80                          if(step>=4)step=0;              
  81                          //转动速度尽量不要超过5ms,不然速度太慢了，不便于观察    
  82                          delay_10us(500);
  83          */
  84          
  85          /*******************************
  86          * 函 数 名       : ex_int0()
  87          * 函数功能               : 中断服务程序
  88          * 输    入       : 无
  89          * 输    出       : 无
  90          *******************************/
  91          void time1_isr()        interrupt 3
  92          {
  93   1              ms_trigger_count++;
  94   1              if(ms_trigger_count>=1000)
  95   1              {
  96   2                      //==========================
  97   2                      //save_value++;
  98   2                      ms_trigger_count=0;
  99   2                      LED_D1=!LED_D1;
 100   2              }
 101   1              //需要重新赋值
 102   1              TH1=0xFC;
 103   1              TL1=0x18;
 104   1      }
 105                          
 106          


MODULE INFORMATION:   STATIC OVERLAYABLE
   CODE SIZE        =    174    ----
   CONSTANT SIZE    =   ----    ----
   XDATA SIZE       =   ----    ----
   PDATA SIZE       =   ----    ----
   DATA SIZE        =      6       3
C51 COMPILER V9.01   MAIN                                                                  05/12/2024 19:34:01 PAGE 3   

   IDATA SIZE       =   ----    ----
   BIT SIZE         =   ----    ----
END OF MODULE INFORMATION.


C51 COMPILATION COMPLETE.  1 WARNING(S),  0 ERROR(S)
