C51 COMPILER V9.01   SMG                                                                   05/11/2024 15:40:08 PAGE 1   


C51 COMPILER V9.01, COMPILATION OF MODULE SMG
OBJECT MODULE PLACED IN ..\output\smg.obj
COMPILER INVOKED BY: C:\Keil\C51\BIN\C51.EXE ..\bsp\smg\smg.c BROWSE INCDIR(..\bsp;..\public;..\bsp\led;..\bsp\key;..\bs
                    -p\smg;..\bsp\step_motor;..\bsp\iic;..\bsp\24c02;..\bsp\lcd1602;..\bsp\timer) DEBUG OBJECTEXTEND PRINT(.\smg.lst) OBJECT(
                    -..\output\smg.obj)

line level    source

   1          #include "public.h"
   2          
   3          //字码数组保存到Flash中
   4          //共阴极数码管显示0~F的段码数据
   5          u8 code g_smg_duan_code[]={
   6                  //0 ,1   ,2   ,3   ,4   ,5   ,6   ,7   ,8   ,9   
   7                  0x3f,0x06,0x5b,0x4f,0x66,0x6d,0x7d,0x07,0x7f,0x6f,
   8                  //A ,B   ,C   ,D   ,E   ,F
   9                  0x77,0x7c,0x39,0x5e,0x79,0x71};
  10          
  11          /*************************************************
  12          * 函 数 名: void SMG_1_2_refresh()
  13          * 函数功能: 动态数码管显示
  14          * 输    入: 无
  15          * 输    出: 无
  16          *************************************************/
  17          void smg_1_2_refresh()
  18          {
  19   1              //延时一段时间，等待显示稳定                                      
  20   1              //10ms=10*100*10us，由10ms逐渐减少，观察效果
  21   1              //经过尝试，1ms=10*100us时，效果较正常
  22   1              delay_10us(100);
  23   1              //消影子，防止速度太快了，产生影子
  24   1              //SMG_A_2_DP_PORT=0x00;
  25   1      }
  26          /*************************************************
  27          * 函 数 名: SMG_1_2_display
  28          * 函数功能: 动态数码管显示
  29          * 输    入: 无
  30          * 输    出: 无
  31          *************************************************/
  32          void smg_1_2_display(u8 pos,u8 dat)
  33          {
  34   1              //u8 i=0;
  35   1              //for(i=0;i<8;i++)
  36   1              {
  37   2                      switch(pos)//位选
  38   2                      {
  39   3                              case 0: 
  40   3                                      SMG_1_2_LS_C=1;
  41   3                                      SMG_1_2_LS_B=1;
  42   3                                      SMG_1_2_LS_A=1;
  43   3                                      break;
  44   3                              case 1: 
  45   3                                      SMG_1_2_LS_C=1;
  46   3                                      SMG_1_2_LS_B=1;
  47   3                                      SMG_1_2_LS_A=0;
  48   3                                      break;
  49   3                              case 2: 
  50   3                                      SMG_1_2_LS_C=1;
  51   3                                      SMG_1_2_LS_B=0;
  52   3                                      SMG_1_2_LS_A=1;
  53   3                                      break;
C51 COMPILER V9.01   SMG                                                                   05/11/2024 15:40:08 PAGE 2   

  54   3                              case 3: 
  55   3                                      SMG_1_2_LS_C=1;
  56   3                                      SMG_1_2_LS_B=0;
  57   3                                      SMG_1_2_LS_A=0;
  58   3                                      break;
  59   3                              case 4: 
  60   3                                      SMG_1_2_LS_C=0;
  61   3                                      SMG_1_2_LS_B=1;
  62   3                                      SMG_1_2_LS_A=1;
  63   3                                      break;
  64   3                              case 5: 
  65   3                                      SMG_1_2_LS_C=0;
  66   3                                      SMG_1_2_LS_B=1;
  67   3                                      SMG_1_2_LS_A=0;
  68   3                                      break;
  69   3                              case 6: 
  70   3                                      SMG_1_2_LS_C=0;
  71   3                                      SMG_1_2_LS_B=0;
  72   3                                      SMG_1_2_LS_A=1;
  73   3                                      break;
  74   3                              case 7: 
  75   3                                      SMG_1_2_LS_C=0;
  76   3                                      SMG_1_2_LS_B=0;
  77   3                                      SMG_1_2_LS_A=0;
  78   3                                      break;
  79   3                       }
  80   2                      //传送段选数据
  81   2                      SMG_A_2_DP_PORT=g_smg_duan_code[dat];
  82   2                      //经过尝试，1ms=10*100us时，效果较正常
  83   2                      //delay_10us(10);
  84   2                      //消影子，防止速度太快了，产生影子
  85   2                      //SMG_A_2_DP_PORT=0x00; 
  86   2                      }
  87   1      }
  88          
  89          /*******************************************************************************
  90          * 函 数 名       : smg_display
  91          * 函数功能               : 动态数码管显示
  92          * 输    入       : dat：要显示的数据
  93                                             pos：从左开始第几个位置开始显示，范围1-8
  94          * 输    出       : 无
  95          *******************************************************************************/
  96          void smg_display(u8 dat[],u8 pos)
  97          {
  98   1              u8 i=0;
  99   1              //pos_temp(0~7)
 100   1              u8 pos_temp=pos-1;
 101   1      
 102   1              for(i=pos_temp;i<8;i++)
 103   1              {
 104   2                      switch(i)//位选
 105   2                      {
 106   3                              case 0: 
 107   3                                      SMG_1_2_LS_C=1;
 108   3                                      SMG_1_2_LS_B=1;
 109   3                                      SMG_1_2_LS_A=1;
 110   3                                      break;
 111   3                              case 1: 
 112   3                                      SMG_1_2_LS_C=1;
 113   3                                      SMG_1_2_LS_B=1;
 114   3                                      SMG_1_2_LS_A=0;
 115   3                                      break;
C51 COMPILER V9.01   SMG                                                                   05/11/2024 15:40:08 PAGE 3   

 116   3                              case 2: 
 117   3                                      SMG_1_2_LS_C=1;
 118   3                                      SMG_1_2_LS_B=0;
 119   3                                      SMG_1_2_LS_A=1;
 120   3                                      break;
 121   3                              case 3: 
 122   3                                      SMG_1_2_LS_C=1;
 123   3                                      SMG_1_2_LS_B=0;
 124   3                                      SMG_1_2_LS_A=0;
 125   3                                      break;
 126   3                              case 4: 
 127   3                                      SMG_1_2_LS_C=0;
 128   3                                      SMG_1_2_LS_B=1;
 129   3                                      SMG_1_2_LS_A=1;
 130   3                                      break;
 131   3                              case 5: 
 132   3                                      SMG_1_2_LS_C=0;
 133   3                                      SMG_1_2_LS_B=1;
 134   3                                      SMG_1_2_LS_A=0;
 135   3                                      break;
 136   3                              case 6: 
 137   3                                      SMG_1_2_LS_C=0;
 138   3                                      SMG_1_2_LS_B=0;
 139   3                                      SMG_1_2_LS_A=1;
 140   3                                      break;
 141   3                              case 7: 
 142   3                                      SMG_1_2_LS_C=0;
 143   3                                      SMG_1_2_LS_B=0;
 144   3                                      SMG_1_2_LS_A=0;
 145   3                                      break;
 146   3                      }
 147   2                      //传送段选数据
 148   2                      SMG_A_2_DP_PORT=g_smg_duan_code[dat[i-pos_temp]];
 149   2                      //延时1ms时间，等待显示稳定
 150   2                      delay_10us(100);
 151   2                      //消影
 152   2                      SMG_A_2_DP_PORT=0x00;
 153   2              }
 154   1      }


MODULE INFORMATION:   STATIC OVERLAYABLE
   CODE SIZE        =    251    ----
   CONSTANT SIZE    =     16    ----
   XDATA SIZE       =   ----    ----
   PDATA SIZE       =   ----    ----
   DATA SIZE        =   ----       5
   IDATA SIZE       =   ----    ----
   BIT SIZE         =   ----    ----
END OF MODULE INFORMATION.


C51 COMPILATION COMPLETE.  0 WARNING(S),  0 ERROR(S)
